[2024-09-15T23:57:45.619+0000] {manager.py:486} INFO - Processing files using up to 2 processes at a time 
[2024-09-15T23:57:45.620+0000] {manager.py:487} INFO - Process each file at most once every 30 seconds
[2024-09-15T23:57:45.621+0000] {manager.py:488} INFO - Checking for new files in /opt/airflow/dags every 300 seconds
[2024-09-15T23:57:45.621+0000] {manager.py:832} INFO - Searching for files in /opt/airflow/dags
[2024-09-15T23:57:45.765+0000] {manager.py:835} INFO - There are 1 files in /opt/airflow/dags
[2024-09-15T23:57:46.046+0000] {manager.py:1008} INFO - 
================================================================================
DAG File Processing Stats

File Path                             PID  Runtime      # DAGs    # Errors  Last Runtime    Last Run      Last # of DB Queries
----------------------------------  -----  ---------  --------  ----------  --------------  ----------  ----------------------
/opt/airflow/dags/updateReviews.py     63  0.09s             0           0                                                   0
================================================================================
[2024-09-15T23:57:48.749+0000] {manager.py:468} INFO - Exiting gracefully upon receiving signal 15
[2024-09-15T23:57:48.749+0000] {manager.py:468} INFO - Exiting gracefully upon receiving signal 15
[2024-09-15T23:57:49.064+0000] {manager.py:468} INFO - Exiting gracefully upon receiving signal 15
[2024-09-15T23:58:07.749+0000] {manager.py:486} INFO - Processing files using up to 2 processes at a time 
[2024-09-15T23:58:07.750+0000] {manager.py:487} INFO - Process each file at most once every 30 seconds
[2024-09-15T23:58:07.751+0000] {manager.py:488} INFO - Checking for new files in /opt/airflow/dags every 300 seconds
[2024-09-15T23:58:07.751+0000] {manager.py:832} INFO - Searching for files in /opt/airflow/dags
[2024-09-15T23:58:07.784+0000] {manager.py:835} INFO - There are 1 files in /opt/airflow/dags
[2024-09-15T23:58:07.931+0000] {manager.py:1008} INFO - 
================================================================================
DAG File Processing Stats

File Path                             PID  Runtime      # DAGs    # Errors  Last Runtime    Last Run      Last # of DB Queries
----------------------------------  -----  ---------  --------  ----------  --------------  ----------  ----------------------
/opt/airflow/dags/updateReviews.py     56  0.05s             0           0                                                   0
================================================================================
[2024-09-15T23:58:38.094+0000] {manager.py:1008} INFO - 
================================================================================
DAG File Processing Stats

File Path                           PID    Runtime      # DAGs    # Errors  Last Runtime    Last Run               Last # of DB Queries
----------------------------------  -----  ---------  --------  ----------  --------------  -------------------  ----------------------
/opt/airflow/dags/updateReviews.py                           1           0  1.86s           2024-09-15T23:58:09                      45
================================================================================
[2024-09-15T23:59:08.257+0000] {manager.py:1008} INFO - 
================================================================================
DAG File Processing Stats

File Path                           PID    Runtime      # DAGs    # Errors  Last Runtime    Last Run               Last # of DB Queries
----------------------------------  -----  ---------  --------  ----------  --------------  -------------------  ----------------------
/opt/airflow/dags/updateReviews.py                           1           0  0.95s           2024-09-15T23:58:40                      12
================================================================================
[2024-09-15T23:59:38.425+0000] {manager.py:1008} INFO - 
================================================================================
DAG File Processing Stats

File Path                           PID    Runtime      # DAGs    # Errors  Last Runtime    Last Run               Last # of DB Queries
----------------------------------  -----  ---------  --------  ----------  --------------  -------------------  ----------------------
/opt/airflow/dags/updateReviews.py                           1           0  0.86s           2024-09-15T23:59:11                      12
================================================================================
[2024-09-16T00:00:08.600+0000] {manager.py:1008} INFO - 
================================================================================
DAG File Processing Stats

File Path                           PID    Runtime      # DAGs    # Errors  Last Runtime    Last Run               Last # of DB Queries
----------------------------------  -----  ---------  --------  ----------  --------------  -------------------  ----------------------
/opt/airflow/dags/updateReviews.py                           1           0  0.76s           2024-09-15T23:59:42                      12
================================================================================
[2024-09-16T00:00:39.043+0000] {manager.py:1008} INFO - 
================================================================================
DAG File Processing Stats

File Path                           PID    Runtime      # DAGs    # Errors  Last Runtime    Last Run               Last # of DB Queries
----------------------------------  -----  ---------  --------  ----------  --------------  -------------------  ----------------------
/opt/airflow/dags/updateReviews.py                           1           0  1.43s           2024-09-16T00:00:37                      12
================================================================================
[2024-09-16T00:01:09.231+0000] {manager.py:1008} INFO - 
================================================================================
DAG File Processing Stats

File Path                           PID    Runtime      # DAGs    # Errors  Last Runtime    Last Run               Last # of DB Queries
----------------------------------  -----  ---------  --------  ----------  --------------  -------------------  ----------------------
/opt/airflow/dags/updateReviews.py                           1           0  0.96s           2024-09-16T00:01:08                      12
================================================================================
[2024-09-16T00:01:39.316+0000] {manager.py:1008} INFO - 
================================================================================
DAG File Processing Stats

File Path                           PID    Runtime      # DAGs    # Errors  Last Runtime    Last Run               Last # of DB Queries
----------------------------------  -----  ---------  --------  ----------  --------------  -------------------  ----------------------
/opt/airflow/dags/updateReviews.py                           1           0  0.73s           2024-09-16T00:01:39                      12
================================================================================
[2024-09-16T00:02:09.523+0000] {manager.py:1008} INFO - 
================================================================================
DAG File Processing Stats

File Path                             PID  Runtime      # DAGs    # Errors  Last Runtime    Last Run               Last # of DB Queries
----------------------------------  -----  ---------  --------  ----------  --------------  -------------------  ----------------------
/opt/airflow/dags/updateReviews.py    113  0.01s             1           0  0.73s           2024-09-16T00:01:39                      12
================================================================================
[2024-09-16T00:02:39.943+0000] {manager.py:1008} INFO - 
================================================================================
DAG File Processing Stats

File Path                           PID    Runtime      # DAGs    # Errors  Last Runtime    Last Run               Last # of DB Queries
----------------------------------  -----  ---------  --------  ----------  --------------  -------------------  ----------------------
/opt/airflow/dags/updateReviews.py                           1           0  0.60s           2024-09-16T00:02:10                      12
================================================================================
[2024-09-16T00:03:08.120+0000] {manager.py:832} INFO - Searching for files in /opt/airflow/dags
[2024-09-16T00:03:08.146+0000] {manager.py:835} INFO - There are 1 files in /opt/airflow/dags
[2024-09-16T00:03:10.171+0000] {manager.py:1008} INFO - 
================================================================================
DAG File Processing Stats

File Path                           PID    Runtime      # DAGs    # Errors  Last Runtime    Last Run               Last # of DB Queries
----------------------------------  -----  ---------  --------  ----------  --------------  -------------------  ----------------------
/opt/airflow/dags/updateReviews.py                           1           0  0.72s           2024-09-16T00:02:41                      12
================================================================================
[2024-09-16T00:03:40.356+0000] {manager.py:1008} INFO - 
================================================================================
DAG File Processing Stats

File Path                           PID    Runtime      # DAGs    # Errors  Last Runtime    Last Run               Last # of DB Queries
----------------------------------  -----  ---------  --------  ----------  --------------  -------------------  ----------------------
/opt/airflow/dags/updateReviews.py                           1           0  0.68s           2024-09-16T00:03:11                      12
================================================================================
[2024-09-16T00:04:10.539+0000] {manager.py:1008} INFO - 
================================================================================
DAG File Processing Stats

File Path                           PID    Runtime      # DAGs    # Errors  Last Runtime    Last Run               Last # of DB Queries
----------------------------------  -----  ---------  --------  ----------  --------------  -------------------  ----------------------
/opt/airflow/dags/updateReviews.py                           1           0  0.61s           2024-09-16T00:03:42                      12
================================================================================
[2024-09-16T00:04:40.564+0000] {manager.py:1008} INFO - 
================================================================================
DAG File Processing Stats

File Path                           PID    Runtime      # DAGs    # Errors  Last Runtime    Last Run               Last # of DB Queries
----------------------------------  -----  ---------  --------  ----------  --------------  -------------------  ----------------------
/opt/airflow/dags/updateReviews.py                           1           0  0.56s           2024-09-16T00:04:13                      12
================================================================================
[2024-09-16T00:05:11.198+0000] {manager.py:1008} INFO - 
================================================================================
DAG File Processing Stats

File Path                           PID    Runtime      # DAGs    # Errors  Last Runtime    Last Run               Last # of DB Queries
----------------------------------  -----  ---------  --------  ----------  --------------  -------------------  ----------------------
/opt/airflow/dags/updateReviews.py                           1           0  0.56s           2024-09-16T00:04:44                      12
================================================================================
[2024-09-16T00:05:41.466+0000] {manager.py:1008} INFO - 
================================================================================
DAG File Processing Stats

File Path                           PID    Runtime      # DAGs    # Errors  Last Runtime    Last Run               Last # of DB Queries
----------------------------------  -----  ---------  --------  ----------  --------------  -------------------  ----------------------
/opt/airflow/dags/updateReviews.py                           1           0  0.65s           2024-09-16T00:05:14                      12
================================================================================
[2024-09-16T00:06:11.651+0000] {manager.py:1008} INFO - 
================================================================================
DAG File Processing Stats

File Path                           PID    Runtime      # DAGs    # Errors  Last Runtime    Last Run               Last # of DB Queries
----------------------------------  -----  ---------  --------  ----------  --------------  -------------------  ----------------------
/opt/airflow/dags/updateReviews.py                           1           0  0.73s           2024-09-16T00:05:45                      12
================================================================================
[2024-09-16T00:06:41.680+0000] {manager.py:1008} INFO - 
================================================================================
DAG File Processing Stats

File Path                           PID    Runtime      # DAGs    # Errors  Last Runtime    Last Run               Last # of DB Queries
----------------------------------  -----  ---------  --------  ----------  --------------  -------------------  ----------------------
/opt/airflow/dags/updateReviews.py                           1           0  0.56s           2024-09-16T00:06:16                      12
================================================================================
[2024-09-16T00:07:12.314+0000] {manager.py:1008} INFO - 
================================================================================
DAG File Processing Stats

File Path                           PID    Runtime      # DAGs    # Errors  Last Runtime    Last Run               Last # of DB Queries
----------------------------------  -----  ---------  --------  ----------  --------------  -------------------  ----------------------
/opt/airflow/dags/updateReviews.py                           1           0  0.57s           2024-09-16T00:06:47                      12
================================================================================
[2024-09-16T00:07:42.614+0000] {manager.py:1008} INFO - 
================================================================================
DAG File Processing Stats

File Path                           PID    Runtime      # DAGs    # Errors  Last Runtime    Last Run               Last # of DB Queries
----------------------------------  -----  ---------  --------  ----------  --------------  -------------------  ----------------------
/opt/airflow/dags/updateReviews.py                           1           0  0.60s           2024-09-16T00:07:17                      12
================================================================================
[2024-09-16T00:08:08.784+0000] {manager.py:832} INFO - Searching for files in /opt/airflow/dags
[2024-09-16T00:08:08.809+0000] {manager.py:835} INFO - There are 1 files in /opt/airflow/dags
[2024-09-16T00:08:12.846+0000] {manager.py:1008} INFO - 
================================================================================
DAG File Processing Stats

File Path                           PID    Runtime      # DAGs    # Errors  Last Runtime    Last Run               Last # of DB Queries
----------------------------------  -----  ---------  --------  ----------  --------------  -------------------  ----------------------
/opt/airflow/dags/updateReviews.py                           1           0  0.62s           2024-09-16T00:07:48                      12
================================================================================
[2024-09-16T00:08:43.061+0000] {manager.py:1008} INFO - 
================================================================================
DAG File Processing Stats

File Path                           PID    Runtime      # DAGs    # Errors  Last Runtime    Last Run               Last # of DB Queries
----------------------------------  -----  ---------  --------  ----------  --------------  -------------------  ----------------------
/opt/airflow/dags/updateReviews.py                           1           0  0.61s           2024-09-16T00:08:19                      12
================================================================================
[2024-09-16T00:09:13.266+0000] {manager.py:1008} INFO - 
================================================================================
DAG File Processing Stats

File Path                           PID    Runtime      # DAGs    # Errors  Last Runtime    Last Run               Last # of DB Queries
----------------------------------  -----  ---------  --------  ----------  --------------  -------------------  ----------------------
/opt/airflow/dags/updateReviews.py                           1           0  0.63s           2024-09-16T00:08:50                      12
================================================================================
[2024-09-16T00:09:43.643+0000] {manager.py:1008} INFO - 
================================================================================
DAG File Processing Stats

File Path                           PID    Runtime      # DAGs    # Errors  Last Runtime    Last Run               Last # of DB Queries
----------------------------------  -----  ---------  --------  ----------  --------------  -------------------  ----------------------
/opt/airflow/dags/updateReviews.py                           1           0  0.58s           2024-09-16T00:09:21                      12
================================================================================
[2024-09-16T00:10:13.827+0000] {manager.py:1008} INFO - 
================================================================================
DAG File Processing Stats

File Path                           PID    Runtime      # DAGs    # Errors  Last Runtime    Last Run               Last # of DB Queries
----------------------------------  -----  ---------  --------  ----------  --------------  -------------------  ----------------------
/opt/airflow/dags/updateReviews.py                           1           0  0.88s           2024-09-16T00:09:52                      12
================================================================================
[2024-09-16T00:10:44.021+0000] {manager.py:1008} INFO - 
================================================================================
DAG File Processing Stats

File Path                           PID    Runtime      # DAGs    # Errors  Last Runtime    Last Run               Last # of DB Queries
----------------------------------  -----  ---------  --------  ----------  --------------  -------------------  ----------------------
/opt/airflow/dags/updateReviews.py                           1           0  0.64s           2024-09-16T00:10:22                      12
================================================================================
[2024-09-16T00:11:14.277+0000] {manager.py:1008} INFO - 
================================================================================
DAG File Processing Stats

File Path                           PID    Runtime      # DAGs    # Errors  Last Runtime    Last Run               Last # of DB Queries
----------------------------------  -----  ---------  --------  ----------  --------------  -------------------  ----------------------
/opt/airflow/dags/updateReviews.py                           1           0  0.63s           2024-09-16T00:10:53                      12
================================================================================
[2024-09-16T00:11:44.459+0000] {manager.py:1008} INFO - 
================================================================================
DAG File Processing Stats

File Path                           PID    Runtime      # DAGs    # Errors  Last Runtime    Last Run               Last # of DB Queries
----------------------------------  -----  ---------  --------  ----------  --------------  -------------------  ----------------------
/opt/airflow/dags/updateReviews.py                           1           0  0.63s           2024-09-16T00:11:24                      12
================================================================================
[2024-09-16T00:12:14.845+0000] {manager.py:1008} INFO - 
================================================================================
DAG File Processing Stats

File Path                           PID    Runtime      # DAGs    # Errors  Last Runtime    Last Run               Last # of DB Queries
----------------------------------  -----  ---------  --------  ----------  --------------  -------------------  ----------------------
/opt/airflow/dags/updateReviews.py                           1           0  0.61s           2024-09-16T00:11:55                      12
================================================================================
[2024-09-16T00:12:45.041+0000] {manager.py:1008} INFO - 
================================================================================
DAG File Processing Stats

File Path                           PID    Runtime      # DAGs    # Errors  Last Runtime    Last Run               Last # of DB Queries
----------------------------------  -----  ---------  --------  ----------  --------------  -------------------  ----------------------
/opt/airflow/dags/updateReviews.py                           1           0  0.59s           2024-09-16T00:12:26                      12
================================================================================
[2024-09-16T00:13:08.943+0000] {manager.py:832} INFO - Searching for files in /opt/airflow/dags
[2024-09-16T00:13:08.971+0000] {manager.py:835} INFO - There are 1 files in /opt/airflow/dags
[2024-09-16T00:13:15.415+0000] {manager.py:1008} INFO - 
================================================================================
DAG File Processing Stats

File Path                           PID    Runtime      # DAGs    # Errors  Last Runtime    Last Run               Last # of DB Queries
----------------------------------  -----  ---------  --------  ----------  --------------  -------------------  ----------------------
/opt/airflow/dags/updateReviews.py                           1           0  0.56s           2024-09-16T00:12:56                      12
================================================================================
[2024-09-16T00:13:45.590+0000] {manager.py:1008} INFO - 
================================================================================
DAG File Processing Stats

File Path                           PID    Runtime      # DAGs    # Errors  Last Runtime    Last Run               Last # of DB Queries
----------------------------------  -----  ---------  --------  ----------  --------------  -------------------  ----------------------
/opt/airflow/dags/updateReviews.py                           1           0  0.58s           2024-09-16T00:13:27                      12
================================================================================
[2024-09-16T00:14:15.974+0000] {manager.py:1008} INFO - 
================================================================================
DAG File Processing Stats

File Path                           PID    Runtime      # DAGs    # Errors  Last Runtime    Last Run               Last # of DB Queries
----------------------------------  -----  ---------  --------  ----------  --------------  -------------------  ----------------------
/opt/airflow/dags/updateReviews.py                           1           0  0.60s           2024-09-16T00:13:58                      12
================================================================================
[2024-09-16T00:14:43.716+0000] {manager.py:468} INFO - Exiting gracefully upon receiving signal 15
[2024-09-16T00:21:20.360+0000] {manager.py:486} INFO - Processing files using up to 2 processes at a time 
[2024-09-16T00:21:20.361+0000] {manager.py:487} INFO - Process each file at most once every 30 seconds
[2024-09-16T00:21:20.362+0000] {manager.py:488} INFO - Checking for new files in /opt/airflow/dags every 300 seconds
[2024-09-16T00:21:20.363+0000] {manager.py:832} INFO - Searching for files in /opt/airflow/dags
[2024-09-16T00:21:20.391+0000] {manager.py:835} INFO - There are 1 files in /opt/airflow/dags
[2024-09-16T00:21:20.582+0000] {manager.py:1008} INFO - 
================================================================================
DAG File Processing Stats

File Path                             PID  Runtime      # DAGs    # Errors  Last Runtime    Last Run      Last # of DB Queries
----------------------------------  -----  ---------  --------  ----------  --------------  ----------  ----------------------
/opt/airflow/dags/updateReviews.py     58  0.07s             0           0                                                   0
================================================================================
[2024-09-16T00:21:50.767+0000] {manager.py:1008} INFO - 
================================================================================
DAG File Processing Stats

File Path                           PID    Runtime      # DAGs    # Errors  Last Runtime    Last Run               Last # of DB Queries
----------------------------------  -----  ---------  --------  ----------  --------------  -------------------  ----------------------
/opt/airflow/dags/updateReviews.py                           1           0  1.37s           2024-09-16T00:21:21                      12
================================================================================
[2024-09-16T00:22:20.950+0000] {manager.py:1008} INFO - 
================================================================================
DAG File Processing Stats

File Path                           PID    Runtime      # DAGs    # Errors  Last Runtime    Last Run               Last # of DB Queries
----------------------------------  -----  ---------  --------  ----------  --------------  -------------------  ----------------------
/opt/airflow/dags/updateReviews.py                           1           0  0.74s           2024-09-16T00:21:52                      12
================================================================================
[2024-09-16T00:22:51.124+0000] {manager.py:1008} INFO - 
================================================================================
DAG File Processing Stats

File Path                           PID    Runtime      # DAGs    # Errors  Last Runtime    Last Run               Last # of DB Queries
----------------------------------  -----  ---------  --------  ----------  --------------  -------------------  ----------------------
/opt/airflow/dags/updateReviews.py                           1           0  0.71s           2024-09-16T00:22:23                      12
================================================================================
[2024-09-16T00:23:21.317+0000] {manager.py:1008} INFO - 
================================================================================
DAG File Processing Stats

File Path                           PID    Runtime      # DAGs    # Errors  Last Runtime    Last Run               Last # of DB Queries
----------------------------------  -----  ---------  --------  ----------  --------------  -------------------  ----------------------
/opt/airflow/dags/updateReviews.py                           1           0  0.69s           2024-09-16T00:22:54                      12
================================================================================
[2024-09-16T00:23:51.506+0000] {manager.py:1008} INFO - 
================================================================================
DAG File Processing Stats

File Path                           PID    Runtime      # DAGs    # Errors  Last Runtime    Last Run               Last # of DB Queries
----------------------------------  -----  ---------  --------  ----------  --------------  -------------------  ----------------------
/opt/airflow/dags/updateReviews.py                           1           0  0.69s           2024-09-16T00:23:25                      12
================================================================================
[2024-09-16T00:24:21.527+0000] {manager.py:1008} INFO - 
================================================================================
DAG File Processing Stats

File Path                           PID    Runtime      # DAGs    # Errors  Last Runtime    Last Run               Last # of DB Queries
----------------------------------  -----  ---------  --------  ----------  --------------  -------------------  ----------------------
/opt/airflow/dags/updateReviews.py                           1           0  0.83s           2024-09-16T00:23:56                      12
================================================================================
[2024-09-16T00:24:51.906+0000] {manager.py:1008} INFO - 
================================================================================
DAG File Processing Stats

File Path                           PID    Runtime      # DAGs    # Errors  Last Runtime    Last Run               Last # of DB Queries
----------------------------------  -----  ---------  --------  ----------  --------------  -------------------  ----------------------
/opt/airflow/dags/updateReviews.py                           1           0  0.61s           2024-09-16T00:24:27                      12
================================================================================
[2024-09-16T00:25:22.109+0000] {manager.py:1008} INFO - 
================================================================================
DAG File Processing Stats

File Path                           PID    Runtime      # DAGs    # Errors  Last Runtime    Last Run               Last # of DB Queries
----------------------------------  -----  ---------  --------  ----------  --------------  -------------------  ----------------------
/opt/airflow/dags/updateReviews.py                           1           0  0.58s           2024-09-16T00:24:58                      12
================================================================================
[2024-09-16T00:25:52.443+0000] {manager.py:1008} INFO - 
================================================================================
DAG File Processing Stats

File Path                           PID    Runtime      # DAGs    # Errors  Last Runtime    Last Run               Last # of DB Queries
----------------------------------  -----  ---------  --------  ----------  --------------  -------------------  ----------------------
/opt/airflow/dags/updateReviews.py                           1           0  1.35s           2024-09-16T00:25:29                      12
================================================================================
[2024-09-16T00:26:20.622+0000] {manager.py:832} INFO - Searching for files in /opt/airflow/dags
[2024-09-16T00:26:20.654+0000] {manager.py:835} INFO - There are 1 files in /opt/airflow/dags
[2024-09-16T00:26:22.683+0000] {manager.py:1008} INFO - 
================================================================================
DAG File Processing Stats

File Path                           PID    Runtime      # DAGs    # Errors  Last Runtime    Last Run               Last # of DB Queries
----------------------------------  -----  ---------  --------  ----------  --------------  -------------------  ----------------------
/opt/airflow/dags/updateReviews.py                           1           0  0.88s           2024-09-16T00:26:00                      12
================================================================================
[2024-09-16T00:26:52.872+0000] {manager.py:1008} INFO - 
================================================================================
DAG File Processing Stats

File Path                           PID    Runtime      # DAGs    # Errors  Last Runtime    Last Run               Last # of DB Queries
----------------------------------  -----  ---------  --------  ----------  --------------  -------------------  ----------------------
/opt/airflow/dags/updateReviews.py                           1           0  0.61s           2024-09-16T00:26:31                      12
================================================================================
[2024-09-16T00:27:23.062+0000] {manager.py:1008} INFO - 
================================================================================
DAG File Processing Stats

File Path                           PID    Runtime      # DAGs    # Errors  Last Runtime    Last Run               Last # of DB Queries
----------------------------------  -----  ---------  --------  ----------  --------------  -------------------  ----------------------
/opt/airflow/dags/updateReviews.py                           1           0  0.62s           2024-09-16T00:27:02                      12
================================================================================
[2024-09-16T00:27:53.077+0000] {manager.py:1008} INFO - 
================================================================================
DAG File Processing Stats

File Path                           PID    Runtime      # DAGs    # Errors  Last Runtime    Last Run               Last # of DB Queries
----------------------------------  -----  ---------  --------  ----------  --------------  -------------------  ----------------------
/opt/airflow/dags/updateReviews.py                           1           0  0.62s           2024-09-16T00:27:32                      12
================================================================================
[2024-09-16T00:28:23.643+0000] {manager.py:1008} INFO - 
================================================================================
DAG File Processing Stats

File Path                           PID    Runtime      # DAGs    # Errors  Last Runtime    Last Run               Last # of DB Queries
----------------------------------  -----  ---------  --------  ----------  --------------  -------------------  ----------------------
/opt/airflow/dags/updateReviews.py                           1           0  0.58s           2024-09-16T00:28:03                      12
================================================================================
[2024-09-16T00:28:54.022+0000] {manager.py:1008} INFO - 
================================================================================
DAG File Processing Stats

File Path                           PID    Runtime      # DAGs    # Errors  Last Runtime    Last Run               Last # of DB Queries
----------------------------------  -----  ---------  --------  ----------  --------------  -------------------  ----------------------
/opt/airflow/dags/updateReviews.py                           1           0  0.63s           2024-09-16T00:28:34                      12
================================================================================
[2024-09-16T00:29:24.212+0000] {manager.py:1008} INFO - 
================================================================================
DAG File Processing Stats

File Path                           PID    Runtime      # DAGs    # Errors  Last Runtime    Last Run               Last # of DB Queries
----------------------------------  -----  ---------  --------  ----------  --------------  -------------------  ----------------------
/opt/airflow/dags/updateReviews.py                           1           0  0.58s           2024-09-16T00:29:05                      12
================================================================================
[2024-09-16T00:29:54.214+0000] {manager.py:1008} INFO - 
================================================================================
DAG File Processing Stats

File Path                           PID    Runtime      # DAGs    # Errors  Last Runtime    Last Run               Last # of DB Queries
----------------------------------  -----  ---------  --------  ----------  --------------  -------------------  ----------------------
/opt/airflow/dags/updateReviews.py                           1           0  0.63s           2024-09-16T00:29:36                      12
================================================================================
[2024-09-16T00:30:24.764+0000] {manager.py:1008} INFO - 
================================================================================
DAG File Processing Stats

File Path                           PID    Runtime      # DAGs    # Errors  Last Runtime    Last Run               Last # of DB Queries
----------------------------------  -----  ---------  --------  ----------  --------------  -------------------  ----------------------
/opt/airflow/dags/updateReviews.py                           1           0  0.66s           2024-09-16T00:30:06                      12
================================================================================
[2024-09-16T00:30:54.800+0000] {manager.py:1008} INFO - 
================================================================================
DAG File Processing Stats

File Path                           PID    Runtime      # DAGs    # Errors  Last Runtime    Last Run               Last # of DB Queries
----------------------------------  -----  ---------  --------  ----------  --------------  -------------------  ----------------------
/opt/airflow/dags/updateReviews.py                           1           0  0.56s           2024-09-16T00:30:37                      12
================================================================================
[2024-09-16T00:31:21.409+0000] {manager.py:832} INFO - Searching for files in /opt/airflow/dags
[2024-09-16T00:31:21.436+0000] {manager.py:835} INFO - There are 1 files in /opt/airflow/dags
[2024-09-16T00:31:25.478+0000] {manager.py:1008} INFO - 
================================================================================
DAG File Processing Stats

File Path                           PID    Runtime      # DAGs    # Errors  Last Runtime    Last Run               Last # of DB Queries
----------------------------------  -----  ---------  --------  ----------  --------------  -------------------  ----------------------
/opt/airflow/dags/updateReviews.py                           1           0  0.63s           2024-09-16T00:31:08                      12
================================================================================
[2024-09-16T00:31:34.248+0000] {manager.py:468} INFO - Exiting gracefully upon receiving signal 15
[2024-09-16T00:33:02.859+0000] {manager.py:486} INFO - Processing files using up to 2 processes at a time 
[2024-09-16T00:33:02.860+0000] {manager.py:487} INFO - Process each file at most once every 30 seconds
[2024-09-16T00:33:02.860+0000] {manager.py:488} INFO - Checking for new files in /opt/airflow/dags every 300 seconds
[2024-09-16T00:33:02.861+0000] {manager.py:832} INFO - Searching for files in /opt/airflow/dags
[2024-09-16T00:33:02.889+0000] {manager.py:835} INFO - There are 1 files in /opt/airflow/dags
[2024-09-16T00:33:02.972+0000] {manager.py:1008} INFO - 
================================================================================
DAG File Processing Stats

File Path                             PID  Runtime      # DAGs    # Errors  Last Runtime    Last Run      Last # of DB Queries
----------------------------------  -----  ---------  --------  ----------  --------------  ----------  ----------------------
/opt/airflow/dags/updateReviews.py     56  0.02s             0           0                                                   0
================================================================================
[2024-09-16T00:33:33.056+0000] {manager.py:1008} INFO - 
================================================================================
DAG File Processing Stats

File Path                           PID    Runtime      # DAGs    # Errors  Last Runtime    Last Run               Last # of DB Queries
----------------------------------  -----  ---------  --------  ----------  --------------  -------------------  ----------------------
/opt/airflow/dags/updateReviews.py                           1           0  0.92s           2024-09-16T00:33:03                      12
================================================================================
[2024-09-16T00:34:03.087+0000] {manager.py:1008} INFO - 
================================================================================
DAG File Processing Stats

File Path                           PID    Runtime      # DAGs    # Errors  Last Runtime    Last Run               Last # of DB Queries
----------------------------------  -----  ---------  --------  ----------  --------------  -------------------  ----------------------
/opt/airflow/dags/updateReviews.py                           1           0  0.83s           2024-09-16T00:33:34                      12
================================================================================
[2024-09-16T00:34:33.489+0000] {manager.py:1008} INFO - 
================================================================================
DAG File Processing Stats

File Path                           PID    Runtime      # DAGs    # Errors  Last Runtime    Last Run               Last # of DB Queries
----------------------------------  -----  ---------  --------  ----------  --------------  -------------------  ----------------------
/opt/airflow/dags/updateReviews.py                           1           0  0.70s           2024-09-16T00:34:05                      12
================================================================================
[2024-09-16T00:35:03.720+0000] {manager.py:1008} INFO - 
================================================================================
DAG File Processing Stats

File Path                           PID    Runtime      # DAGs    # Errors  Last Runtime    Last Run               Last # of DB Queries
----------------------------------  -----  ---------  --------  ----------  --------------  -------------------  ----------------------
/opt/airflow/dags/updateReviews.py                           1           0  0.74s           2024-09-16T00:34:36                      12
================================================================================
[2024-09-16T00:35:33.907+0000] {manager.py:1008} INFO - 
================================================================================
DAG File Processing Stats

File Path                           PID    Runtime      # DAGs    # Errors  Last Runtime    Last Run               Last # of DB Queries
----------------------------------  -----  ---------  --------  ----------  --------------  -------------------  ----------------------
/opt/airflow/dags/updateReviews.py                           1           0  2.97s           2024-09-16T00:35:09                      12
================================================================================
[2024-09-16T00:36:04.190+0000] {manager.py:1008} INFO - 
================================================================================
DAG File Processing Stats

File Path                           PID    Runtime      # DAGs    # Errors  Last Runtime    Last Run               Last # of DB Queries
----------------------------------  -----  ---------  --------  ----------  --------------  -------------------  ----------------------
/opt/airflow/dags/updateReviews.py                           1           0  2.27s           2024-09-16T00:35:42                      12
================================================================================
[2024-09-16T00:36:34.685+0000] {manager.py:1008} INFO - 
================================================================================
DAG File Processing Stats

File Path                           PID    Runtime      # DAGs    # Errors  Last Runtime    Last Run               Last # of DB Queries
----------------------------------  -----  ---------  --------  ----------  --------------  -------------------  ----------------------
/opt/airflow/dags/updateReviews.py                           1           0  0.73s           2024-09-16T00:36:13                      12
================================================================================
[2024-09-16T00:37:05.136+0000] {manager.py:1008} INFO - 
================================================================================
DAG File Processing Stats

File Path                           PID    Runtime      # DAGs    # Errors  Last Runtime    Last Run               Last # of DB Queries
----------------------------------  -----  ---------  --------  ----------  --------------  -------------------  ----------------------
/opt/airflow/dags/updateReviews.py                           1           0  0.66s           2024-09-16T00:36:44                      12
================================================================================
[2024-09-16T00:37:35.326+0000] {manager.py:1008} INFO - 
================================================================================
DAG File Processing Stats

File Path                           PID    Runtime      # DAGs    # Errors  Last Runtime    Last Run               Last # of DB Queries
----------------------------------  -----  ---------  --------  ----------  --------------  -------------------  ----------------------
/opt/airflow/dags/updateReviews.py                           1           0  0.68s           2024-09-16T00:37:15                      12
================================================================================
[2024-09-16T00:38:03.130+0000] {manager.py:832} INFO - Searching for files in /opt/airflow/dags
[2024-09-16T00:38:03.157+0000] {manager.py:835} INFO - There are 1 files in /opt/airflow/dags
[2024-09-16T00:38:05.554+0000] {manager.py:1008} INFO - 
================================================================================
DAG File Processing Stats

File Path                           PID    Runtime      # DAGs    # Errors  Last Runtime    Last Run               Last # of DB Queries
----------------------------------  -----  ---------  --------  ----------  --------------  -------------------  ----------------------
/opt/airflow/dags/updateReviews.py                           1           0  0.64s           2024-09-16T00:37:46                      12
================================================================================
[2024-09-16T00:38:35.727+0000] {manager.py:1008} INFO - 
================================================================================
DAG File Processing Stats

File Path                           PID    Runtime      # DAGs    # Errors  Last Runtime    Last Run               Last # of DB Queries
----------------------------------  -----  ---------  --------  ----------  --------------  -------------------  ----------------------
/opt/airflow/dags/updateReviews.py                           1           0  0.80s           2024-09-16T00:38:17                      12
================================================================================
[2024-09-16T00:39:06.000+0000] {manager.py:1008} INFO - 
================================================================================
DAG File Processing Stats

File Path                           PID    Runtime      # DAGs    # Errors  Last Runtime    Last Run               Last # of DB Queries
----------------------------------  -----  ---------  --------  ----------  --------------  -------------------  ----------------------
/opt/airflow/dags/updateReviews.py                           1           0  0.77s           2024-09-16T00:38:48                      12
================================================================================
[2024-09-16T00:39:36.269+0000] {manager.py:1008} INFO - 
================================================================================
DAG File Processing Stats

File Path                           PID    Runtime      # DAGs    # Errors  Last Runtime    Last Run               Last # of DB Queries
----------------------------------  -----  ---------  --------  ----------  --------------  -------------------  ----------------------
/opt/airflow/dags/updateReviews.py                           1           0  0.64s           2024-09-16T00:39:18                      12
================================================================================
[2024-09-16T00:40:06.440+0000] {manager.py:1008} INFO - 
================================================================================
DAG File Processing Stats

File Path                           PID    Runtime      # DAGs    # Errors  Last Runtime    Last Run               Last # of DB Queries
----------------------------------  -----  ---------  --------  ----------  --------------  -------------------  ----------------------
/opt/airflow/dags/updateReviews.py                           1           0  0.98s           2024-09-16T00:39:49                      12
================================================================================
[2024-09-16T00:40:36.449+0000] {manager.py:1008} INFO - 
================================================================================
DAG File Processing Stats

File Path                           PID    Runtime      # DAGs    # Errors  Last Runtime    Last Run               Last # of DB Queries
----------------------------------  -----  ---------  --------  ----------  --------------  -------------------  ----------------------
/opt/airflow/dags/updateReviews.py                           1           0  1.28s           2024-09-16T00:40:21                      12
================================================================================
[2024-09-16T00:41:07.377+0000] {manager.py:1008} INFO - 
================================================================================
DAG File Processing Stats

File Path                           PID    Runtime      # DAGs    # Errors  Last Runtime    Last Run               Last # of DB Queries
----------------------------------  -----  ---------  --------  ----------  --------------  -------------------  ----------------------
/opt/airflow/dags/updateReviews.py                           1           0  0.77s           2024-09-16T00:40:52                      12
================================================================================
[2024-09-16T00:41:37.585+0000] {manager.py:1008} INFO - 
================================================================================
DAG File Processing Stats

File Path                           PID    Runtime      # DAGs    # Errors  Last Runtime    Last Run               Last # of DB Queries
----------------------------------  -----  ---------  --------  ----------  --------------  -------------------  ----------------------
/opt/airflow/dags/updateReviews.py                           1           0  0.70s           2024-09-16T00:41:23                      12
================================================================================
[2024-09-16T00:41:52.969+0000] {manager.py:468} INFO - Exiting gracefully upon receiving signal 15
[2024-09-16T00:43:30.944+0000] {manager.py:486} INFO - Processing files using up to 2 processes at a time 
[2024-09-16T00:43:30.945+0000] {manager.py:487} INFO - Process each file at most once every 30 seconds
[2024-09-16T00:43:30.945+0000] {manager.py:488} INFO - Checking for new files in /opt/airflow/dags every 300 seconds
[2024-09-16T00:43:30.946+0000] {manager.py:832} INFO - Searching for files in /opt/airflow/dags
[2024-09-16T00:43:30.974+0000] {manager.py:835} INFO - There are 1 files in /opt/airflow/dags
[2024-09-16T00:43:31.082+0000] {manager.py:1008} INFO - 
================================================================================
DAG File Processing Stats

File Path                             PID  Runtime      # DAGs    # Errors  Last Runtime    Last Run      Last # of DB Queries
----------------------------------  -----  ---------  --------  ----------  --------------  ----------  ----------------------
/opt/airflow/dags/updateReviews.py     50  0.02s             0           0                                                   0
================================================================================
[2024-09-16T00:44:01.263+0000] {manager.py:1008} INFO - 
================================================================================
DAG File Processing Stats

File Path                           PID    Runtime      # DAGs    # Errors  Last Runtime    Last Run               Last # of DB Queries
----------------------------------  -----  ---------  --------  ----------  --------------  -------------------  ----------------------
/opt/airflow/dags/updateReviews.py                           1           0  1.03s           2024-09-16T00:43:32                      12
================================================================================
[2024-09-16T00:44:31.474+0000] {manager.py:1008} INFO - 
================================================================================
DAG File Processing Stats

File Path                           PID    Runtime      # DAGs    # Errors  Last Runtime    Last Run               Last # of DB Queries
----------------------------------  -----  ---------  --------  ----------  --------------  -------------------  ----------------------
/opt/airflow/dags/updateReviews.py                           1           0  1.08s           2024-09-16T00:44:03                      12
================================================================================
[2024-09-16T00:45:01.685+0000] {manager.py:1008} INFO - 
================================================================================
DAG File Processing Stats

File Path                           PID    Runtime      # DAGs    # Errors  Last Runtime    Last Run               Last # of DB Queries
----------------------------------  -----  ---------  --------  ----------  --------------  -------------------  ----------------------
/opt/airflow/dags/updateReviews.py                           1           0  0.72s           2024-09-16T00:44:34                      12
================================================================================
[2024-09-16T00:45:31.867+0000] {manager.py:1008} INFO - 
================================================================================
DAG File Processing Stats

File Path                           PID    Runtime      # DAGs    # Errors  Last Runtime    Last Run               Last # of DB Queries
----------------------------------  -----  ---------  --------  ----------  --------------  -------------------  ----------------------
/opt/airflow/dags/updateReviews.py                           1           0  0.75s           2024-09-16T00:45:05                      12
================================================================================
[2024-09-16T00:46:02.071+0000] {manager.py:1008} INFO - 
================================================================================
DAG File Processing Stats

File Path                           PID    Runtime      # DAGs    # Errors  Last Runtime    Last Run               Last # of DB Queries
----------------------------------  -----  ---------  --------  ----------  --------------  -------------------  ----------------------
/opt/airflow/dags/updateReviews.py                           1           0  0.72s           2024-09-16T00:45:36                      12
================================================================================
[2024-09-16T00:46:32.401+0000] {manager.py:1008} INFO - 
================================================================================
DAG File Processing Stats

File Path                           PID    Runtime      # DAGs    # Errors  Last Runtime    Last Run               Last # of DB Queries
----------------------------------  -----  ---------  --------  ----------  --------------  -------------------  ----------------------
/opt/airflow/dags/updateReviews.py                           1           0  0.71s           2024-09-16T00:46:06                      12
================================================================================
[2024-09-16T00:47:02.623+0000] {manager.py:1008} INFO - 
================================================================================
DAG File Processing Stats

File Path                           PID    Runtime      # DAGs    # Errors  Last Runtime    Last Run               Last # of DB Queries
----------------------------------  -----  ---------  --------  ----------  --------------  -------------------  ----------------------
/opt/airflow/dags/updateReviews.py                           1           0  1.22s           2024-09-16T00:46:38                      12
================================================================================
[2024-09-16T00:47:32.816+0000] {manager.py:1008} INFO - 
================================================================================
DAG File Processing Stats

File Path                           PID    Runtime      # DAGs    # Errors  Last Runtime    Last Run               Last # of DB Queries
----------------------------------  -----  ---------  --------  ----------  --------------  -------------------  ----------------------
/opt/airflow/dags/updateReviews.py                           1           0  0.84s           2024-09-16T00:47:09                      12
================================================================================
[2024-09-16T00:48:02.881+0000] {manager.py:1008} INFO - 
================================================================================
DAG File Processing Stats

File Path                           PID    Runtime      # DAGs    # Errors  Last Runtime    Last Run               Last # of DB Queries
----------------------------------  -----  ---------  --------  ----------  --------------  -------------------  ----------------------
/opt/airflow/dags/updateReviews.py                           1           0  0.81s           2024-09-16T00:47:40                      12
================================================================================
[2024-09-16T00:48:31.164+0000] {manager.py:832} INFO - Searching for files in /opt/airflow/dags
[2024-09-16T00:48:31.189+0000] {manager.py:835} INFO - There are 1 files in /opt/airflow/dags
[2024-09-16T00:48:33.214+0000] {manager.py:1008} INFO - 
================================================================================
DAG File Processing Stats

File Path                           PID    Runtime      # DAGs    # Errors  Last Runtime    Last Run               Last # of DB Queries
----------------------------------  -----  ---------  --------  ----------  --------------  -------------------  ----------------------
/opt/airflow/dags/updateReviews.py                           1           0  0.63s           2024-09-16T00:48:11                      12
================================================================================
[2024-09-16T00:48:33.915+0000] {manager.py:468} INFO - Exiting gracefully upon receiving signal 15
[2024-09-16T00:51:30.999+0000] {manager.py:486} INFO - Processing files using up to 2 processes at a time 
[2024-09-16T00:51:31.000+0000] {manager.py:487} INFO - Process each file at most once every 30 seconds
[2024-09-16T00:51:31.000+0000] {manager.py:488} INFO - Checking for new files in /opt/airflow/dags every 300 seconds
[2024-09-16T00:51:31.001+0000] {manager.py:832} INFO - Searching for files in /opt/airflow/dags
[2024-09-16T00:51:31.027+0000] {manager.py:835} INFO - There are 1 files in /opt/airflow/dags
[2024-09-16T00:51:31.149+0000] {manager.py:1008} INFO - 
================================================================================
DAG File Processing Stats

File Path                             PID  Runtime      # DAGs    # Errors  Last Runtime    Last Run      Last # of DB Queries
----------------------------------  -----  ---------  --------  ----------  --------------  ----------  ----------------------
/opt/airflow/dags/updateReviews.py     57  0.02s             0           0                                                   0
================================================================================
[2024-09-16T00:52:01.316+0000] {manager.py:1008} INFO - 
================================================================================
DAG File Processing Stats

File Path                           PID    Runtime      # DAGs    # Errors  Last Runtime    Last Run               Last # of DB Queries
----------------------------------  -----  ---------  --------  ----------  --------------  -------------------  ----------------------
/opt/airflow/dags/updateReviews.py                           1           0  1.76s           2024-09-16T00:51:32                      12
================================================================================
[2024-09-16T00:52:31.483+0000] {manager.py:1008} INFO - 
================================================================================
DAG File Processing Stats

File Path                           PID    Runtime      # DAGs    # Errors  Last Runtime    Last Run               Last # of DB Queries
----------------------------------  -----  ---------  --------  ----------  --------------  -------------------  ----------------------
/opt/airflow/dags/updateReviews.py                           1           0  0.94s           2024-09-16T00:52:04                      12
================================================================================
[2024-09-16T00:52:58.082+0000] {manager.py:468} INFO - Exiting gracefully upon receiving signal 15
[2024-09-16T00:54:51.108+0000] {manager.py:486} INFO - Processing files using up to 2 processes at a time 
[2024-09-16T00:54:51.108+0000] {manager.py:487} INFO - Process each file at most once every 30 seconds
[2024-09-16T00:54:51.109+0000] {manager.py:488} INFO - Checking for new files in /opt/airflow/dags every 300 seconds
[2024-09-16T00:54:51.110+0000] {manager.py:832} INFO - Searching for files in /opt/airflow/dags
[2024-09-16T00:54:51.140+0000] {manager.py:835} INFO - There are 1 files in /opt/airflow/dags
[2024-09-16T00:54:51.269+0000] {manager.py:1008} INFO - 
================================================================================
DAG File Processing Stats

File Path                             PID  Runtime      # DAGs    # Errors  Last Runtime    Last Run      Last # of DB Queries
----------------------------------  -----  ---------  --------  ----------  --------------  ----------  ----------------------
/opt/airflow/dags/updateReviews.py     56  0.03s             0           0                                                   0
================================================================================
[2024-09-16T00:55:21.449+0000] {manager.py:1008} INFO - 
================================================================================
DAG File Processing Stats

File Path                           PID    Runtime      # DAGs    # Errors  Last Runtime    Last Run               Last # of DB Queries
----------------------------------  -----  ---------  --------  ----------  --------------  -------------------  ----------------------
/opt/airflow/dags/updateReviews.py                           1           0  1.50s           2024-09-16T00:54:52                      12
================================================================================
[2024-09-16T00:55:52.126+0000] {manager.py:1008} INFO - 
================================================================================
DAG File Processing Stats

File Path                           PID    Runtime      # DAGs    # Errors  Last Runtime    Last Run               Last # of DB Queries
----------------------------------  -----  ---------  --------  ----------  --------------  -------------------  ----------------------
/opt/airflow/dags/updateReviews.py                           1           0  1.07s           2024-09-16T00:55:23                      12
================================================================================
[2024-09-16T00:56:22.266+0000] {manager.py:1008} INFO - 
================================================================================
DAG File Processing Stats

File Path                           PID    Runtime      # DAGs    # Errors  Last Runtime    Last Run               Last # of DB Queries
----------------------------------  -----  ---------  --------  ----------  --------------  -------------------  ----------------------
/opt/airflow/dags/updateReviews.py                           1           0  1.92s           2024-09-16T00:55:56                      12
================================================================================
[2024-09-16T00:56:52.458+0000] {manager.py:1008} INFO - 
================================================================================
DAG File Processing Stats

File Path                           PID    Runtime      # DAGs    # Errors  Last Runtime    Last Run               Last # of DB Queries
----------------------------------  -----  ---------  --------  ----------  --------------  -------------------  ----------------------
/opt/airflow/dags/updateReviews.py                           1           0  0.98s           2024-09-16T00:56:27                      12
================================================================================
[2024-09-16T00:56:58.745+0000] {manager.py:468} INFO - Exiting gracefully upon receiving signal 15
[2024-09-16T00:56:58.747+0000] {manager.py:468} INFO - Exiting gracefully upon receiving signal 15
[2024-09-16T00:56:59.055+0000] {manager.py:468} INFO - Exiting gracefully upon receiving signal 15
[2024-09-16T00:59:30.203+0000] {manager.py:486} INFO - Processing files using up to 2 processes at a time 
[2024-09-16T00:59:30.203+0000] {manager.py:487} INFO - Process each file at most once every 30 seconds
[2024-09-16T00:59:30.204+0000] {manager.py:488} INFO - Checking for new files in /opt/airflow/dags every 300 seconds
[2024-09-16T00:59:30.204+0000] {manager.py:832} INFO - Searching for files in /opt/airflow/dags
[2024-09-16T00:59:30.231+0000] {manager.py:835} INFO - There are 1 files in /opt/airflow/dags
[2024-09-16T00:59:30.376+0000] {manager.py:1008} INFO - 
================================================================================
DAG File Processing Stats

File Path                             PID  Runtime      # DAGs    # Errors  Last Runtime    Last Run      Last # of DB Queries
----------------------------------  -----  ---------  --------  ----------  --------------  ----------  ----------------------
/opt/airflow/dags/updateReviews.py     62  0.03s             0           0                                                   0
================================================================================
[2024-09-16T01:00:00.566+0000] {manager.py:1008} INFO - 
================================================================================
DAG File Processing Stats

File Path                           PID    Runtime      # DAGs    # Errors  Last Runtime    Last Run               Last # of DB Queries
----------------------------------  -----  ---------  --------  ----------  --------------  -------------------  ----------------------
/opt/airflow/dags/updateReviews.py                           1           0  1.62s           2024-09-16T00:59:31                      12
================================================================================
[2024-09-16T01:00:30.752+0000] {manager.py:1008} INFO - 
================================================================================
DAG File Processing Stats

File Path                           PID    Runtime      # DAGs    # Errors  Last Runtime    Last Run               Last # of DB Queries
----------------------------------  -----  ---------  --------  ----------  --------------  -------------------  ----------------------
/opt/airflow/dags/updateReviews.py                           1           0  1.60s           2024-09-16T01:00:03                      12
================================================================================
[2024-09-16T01:00:52.586+0000] {manager.py:468} INFO - Exiting gracefully upon receiving signal 15
[2024-09-16T01:03:04.929+0000] {manager.py:486} INFO - Processing files using up to 2 processes at a time 
[2024-09-16T01:03:04.930+0000] {manager.py:487} INFO - Process each file at most once every 30 seconds
[2024-09-16T01:03:04.931+0000] {manager.py:488} INFO - Checking for new files in /opt/airflow/dags every 300 seconds
[2024-09-16T01:03:04.932+0000] {manager.py:832} INFO - Searching for files in /opt/airflow/dags
[2024-09-16T01:03:04.964+0000] {manager.py:835} INFO - There are 1 files in /opt/airflow/dags
[2024-09-16T01:03:05.137+0000] {manager.py:1008} INFO - 
================================================================================
DAG File Processing Stats

File Path                             PID  Runtime      # DAGs    # Errors  Last Runtime    Last Run      Last # of DB Queries
----------------------------------  -----  ---------  --------  ----------  --------------  ----------  ----------------------
/opt/airflow/dags/updateReviews.py     63  0.03s             0           0                                                   0
================================================================================
[2024-09-16T01:03:35.342+0000] {manager.py:1008} INFO - 
================================================================================
DAG File Processing Stats

File Path                           PID    Runtime      # DAGs    # Errors  Last Runtime    Last Run               Last # of DB Queries
----------------------------------  -----  ---------  --------  ----------  --------------  -------------------  ----------------------
/opt/airflow/dags/updateReviews.py                           1           0  1.76s           2024-09-16T01:03:06                      12
================================================================================
[2024-09-16T01:04:05.501+0000] {manager.py:1008} INFO - 
================================================================================
DAG File Processing Stats

File Path                           PID    Runtime      # DAGs    # Errors  Last Runtime    Last Run               Last # of DB Queries
----------------------------------  -----  ---------  --------  ----------  --------------  -------------------  ----------------------
/opt/airflow/dags/updateReviews.py                           1           0  1.27s           2024-09-16T01:03:38                      12
================================================================================
[2024-09-16T01:04:36.459+0000] {manager.py:1008} INFO - 
================================================================================
DAG File Processing Stats

File Path                           PID    Runtime      # DAGs    # Errors  Last Runtime    Last Run               Last # of DB Queries
----------------------------------  -----  ---------  --------  ----------  --------------  -------------------  ----------------------
/opt/airflow/dags/updateReviews.py                           1           0  0.77s           2024-09-16T01:04:09                      12
================================================================================
[2024-09-16T01:05:06.521+0000] {manager.py:1008} INFO - 
================================================================================
DAG File Processing Stats

File Path                           PID    Runtime      # DAGs    # Errors  Last Runtime    Last Run               Last # of DB Queries
----------------------------------  -----  ---------  --------  ----------  --------------  -------------------  ----------------------
/opt/airflow/dags/updateReviews.py                           1           0  0.86s           2024-09-16T01:04:40                      12
================================================================================
[2024-09-16T01:05:36.572+0000] {manager.py:1008} INFO - 
================================================================================
DAG File Processing Stats

File Path                           PID    Runtime      # DAGs    # Errors  Last Runtime    Last Run               Last # of DB Queries
----------------------------------  -----  ---------  --------  ----------  --------------  -------------------  ----------------------
/opt/airflow/dags/updateReviews.py                           1           0  0.87s           2024-09-16T01:05:11                      12
================================================================================
[2024-09-16T01:06:07.011+0000] {manager.py:1008} INFO - 
================================================================================
DAG File Processing Stats

File Path                           PID    Runtime      # DAGs    # Errors  Last Runtime    Last Run               Last # of DB Queries
----------------------------------  -----  ---------  --------  ----------  --------------  -------------------  ----------------------
/opt/airflow/dags/updateReviews.py                           1           0  0.73s           2024-09-16T01:05:42                      12
================================================================================
[2024-09-16T01:06:37.205+0000] {manager.py:1008} INFO - 
================================================================================
DAG File Processing Stats

File Path                           PID    Runtime      # DAGs    # Errors  Last Runtime    Last Run               Last # of DB Queries
----------------------------------  -----  ---------  --------  ----------  --------------  -------------------  ----------------------
/opt/airflow/dags/updateReviews.py                           1           0  0.76s           2024-09-16T01:06:13                      12
================================================================================
[2024-09-16T01:07:07.357+0000] {manager.py:1008} INFO - 
================================================================================
DAG File Processing Stats

File Path                           PID    Runtime      # DAGs    # Errors  Last Runtime    Last Run               Last # of DB Queries
----------------------------------  -----  ---------  --------  ----------  --------------  -------------------  ----------------------
/opt/airflow/dags/updateReviews.py                           1           0  0.72s           2024-09-16T01:06:44                      12
================================================================================
[2024-09-16T01:07:37.806+0000] {manager.py:1008} INFO - 
================================================================================
DAG File Processing Stats

File Path                           PID    Runtime      # DAGs    # Errors  Last Runtime    Last Run               Last # of DB Queries
----------------------------------  -----  ---------  --------  ----------  --------------  -------------------  ----------------------
/opt/airflow/dags/updateReviews.py                           1           0  0.71s           2024-09-16T01:07:15                      12
================================================================================
[2024-09-16T01:08:04.975+0000] {manager.py:832} INFO - Searching for files in /opt/airflow/dags
[2024-09-16T01:08:05.002+0000] {manager.py:835} INFO - There are 1 files in /opt/airflow/dags
[2024-09-16T01:08:08.041+0000] {manager.py:1008} INFO - 
================================================================================
DAG File Processing Stats

File Path                           PID    Runtime      # DAGs    # Errors  Last Runtime    Last Run               Last # of DB Queries
----------------------------------  -----  ---------  --------  ----------  --------------  -------------------  ----------------------
/opt/airflow/dags/updateReviews.py                           1           0  0.73s           2024-09-16T01:07:46                      12
================================================================================
[2024-09-16T01:08:38.334+0000] {manager.py:1008} INFO - 
================================================================================
DAG File Processing Stats

File Path                           PID    Runtime      # DAGs    # Errors  Last Runtime    Last Run               Last # of DB Queries
----------------------------------  -----  ---------  --------  ----------  --------------  -------------------  ----------------------
/opt/airflow/dags/updateReviews.py                           1           0  0.71s           2024-09-16T01:08:16                      12
================================================================================
[2024-09-16T01:09:08.518+0000] {manager.py:1008} INFO - 
================================================================================
DAG File Processing Stats

File Path                           PID    Runtime      # DAGs    # Errors  Last Runtime    Last Run               Last # of DB Queries
----------------------------------  -----  ---------  --------  ----------  --------------  -------------------  ----------------------
/opt/airflow/dags/updateReviews.py                           1           0  0.70s           2024-09-16T01:08:47                      12
================================================================================
[2024-09-16T01:09:38.686+0000] {manager.py:1008} INFO - 
================================================================================
DAG File Processing Stats

File Path                           PID    Runtime      # DAGs    # Errors  Last Runtime    Last Run               Last # of DB Queries
----------------------------------  -----  ---------  --------  ----------  --------------  -------------------  ----------------------
/opt/airflow/dags/updateReviews.py                           1           0  0.69s           2024-09-16T01:09:18                      12
================================================================================
[2024-09-16T01:10:09.170+0000] {manager.py:1008} INFO - 
================================================================================
DAG File Processing Stats

File Path                           PID    Runtime      # DAGs    # Errors  Last Runtime    Last Run               Last # of DB Queries
----------------------------------  -----  ---------  --------  ----------  --------------  -------------------  ----------------------
/opt/airflow/dags/updateReviews.py                           1           0  0.72s           2024-09-16T01:09:49                      12
================================================================================
[2024-09-16T01:10:14.589+0000] {manager.py:468} INFO - Exiting gracefully upon receiving signal 15
[2024-09-16T01:11:49.419+0000] {manager.py:486} INFO - Processing files using up to 2 processes at a time 
[2024-09-16T01:11:49.420+0000] {manager.py:487} INFO - Process each file at most once every 30 seconds
[2024-09-16T01:11:49.421+0000] {manager.py:488} INFO - Checking for new files in /opt/airflow/dags every 300 seconds
[2024-09-16T01:11:49.421+0000] {manager.py:832} INFO - Searching for files in /opt/airflow/dags
[2024-09-16T01:11:49.450+0000] {manager.py:835} INFO - There are 1 files in /opt/airflow/dags
[2024-09-16T01:11:49.580+0000] {manager.py:1008} INFO - 
================================================================================
DAG File Processing Stats

File Path                             PID  Runtime      # DAGs    # Errors  Last Runtime    Last Run      Last # of DB Queries
----------------------------------  -----  ---------  --------  ----------  --------------  ----------  ----------------------
/opt/airflow/dags/updateReviews.py     63  0.03s             0           0                                                   0
================================================================================
[2024-09-16T01:12:19.798+0000] {manager.py:1008} INFO - 
================================================================================
DAG File Processing Stats

File Path                           PID    Runtime      # DAGs    # Errors  Last Runtime    Last Run               Last # of DB Queries
----------------------------------  -----  ---------  --------  ----------  --------------  -------------------  ----------------------
/opt/airflow/dags/updateReviews.py                           1           0  2.24s           2024-09-16T01:11:51                      12
================================================================================
[2024-09-16T01:12:49.859+0000] {manager.py:1008} INFO - 
================================================================================
DAG File Processing Stats

File Path                           PID    Runtime      # DAGs    # Errors  Last Runtime    Last Run               Last # of DB Queries
----------------------------------  -----  ---------  --------  ----------  --------------  -------------------  ----------------------
/opt/airflow/dags/updateReviews.py                           1           0  0.87s           2024-09-16T01:12:22                      12
================================================================================
[2024-09-16T01:12:52.467+0000] {manager.py:468} INFO - Exiting gracefully upon receiving signal 15
[2024-09-16T01:43:40.718+0000] {manager.py:486} INFO - Processing files using up to 2 processes at a time 
[2024-09-16T01:43:40.719+0000] {manager.py:487} INFO - Process each file at most once every 30 seconds
[2024-09-16T01:43:40.720+0000] {manager.py:488} INFO - Checking for new files in /opt/airflow/dags every 300 seconds
[2024-09-16T01:43:40.720+0000] {manager.py:832} INFO - Searching for files in /opt/airflow/dags
[2024-09-16T01:43:40.751+0000] {manager.py:835} INFO - There are 1 files in /opt/airflow/dags
[2024-09-16T01:43:40.933+0000] {manager.py:1008} INFO - 
================================================================================
DAG File Processing Stats

File Path                             PID  Runtime      # DAGs    # Errors  Last Runtime    Last Run      Last # of DB Queries
----------------------------------  -----  ---------  --------  ----------  --------------  ----------  ----------------------
/opt/airflow/dags/updateReviews.py     62  0.05s             0           0                                                   0
================================================================================
[2024-09-16T01:44:11.016+0000] {manager.py:1008} INFO - 
================================================================================
DAG File Processing Stats

File Path                           PID    Runtime      # DAGs    # Errors  Last Runtime    Last Run               Last # of DB Queries
----------------------------------  -----  ---------  --------  ----------  --------------  -------------------  ----------------------
/opt/airflow/dags/updateReviews.py                           1           0  1.97s           2024-09-16T01:43:42                      12
================================================================================
[2024-09-16T01:44:41.102+0000] {manager.py:1008} INFO - 
================================================================================
DAG File Processing Stats

File Path                           PID    Runtime      # DAGs    # Errors  Last Runtime    Last Run               Last # of DB Queries
----------------------------------  -----  ---------  --------  ----------  --------------  -------------------  ----------------------
/opt/airflow/dags/updateReviews.py                           1           0  0.88s           2024-09-16T01:44:13                      12
================================================================================
[2024-09-16T01:45:11.139+0000] {manager.py:1008} INFO - 
================================================================================
DAG File Processing Stats

File Path                           PID    Runtime      # DAGs    # Errors  Last Runtime    Last Run               Last # of DB Queries
----------------------------------  -----  ---------  --------  ----------  --------------  -------------------  ----------------------
/opt/airflow/dags/updateReviews.py                           1           0  0.84s           2024-09-16T01:44:44                      12
================================================================================
[2024-09-16T01:45:41.157+0000] {manager.py:1008} INFO - 
================================================================================
DAG File Processing Stats

File Path                           PID    Runtime      # DAGs    # Errors  Last Runtime    Last Run               Last # of DB Queries
----------------------------------  -----  ---------  --------  ----------  --------------  -------------------  ----------------------
/opt/airflow/dags/updateReviews.py                           1           0  0.83s           2024-09-16T01:45:16                      12
================================================================================
[2024-09-16T01:46:11.321+0000] {manager.py:1008} INFO - 
================================================================================
DAG File Processing Stats

File Path                           PID    Runtime      # DAGs    # Errors  Last Runtime    Last Run               Last # of DB Queries
----------------------------------  -----  ---------  --------  ----------  --------------  -------------------  ----------------------
/opt/airflow/dags/updateReviews.py                           1           0  0.98s           2024-09-16T01:45:47                      12
================================================================================
[2024-09-16T01:46:41.962+0000] {manager.py:1008} INFO - 
================================================================================
DAG File Processing Stats

File Path                           PID    Runtime      # DAGs    # Errors  Last Runtime    Last Run               Last # of DB Queries
----------------------------------  -----  ---------  --------  ----------  --------------  -------------------  ----------------------
/opt/airflow/dags/updateReviews.py                           1           0  0.72s           2024-09-16T01:46:18                      12
================================================================================
[2024-09-16T01:47:12.154+0000] {manager.py:1008} INFO - 
================================================================================
DAG File Processing Stats

File Path                           PID    Runtime      # DAGs    # Errors  Last Runtime    Last Run               Last # of DB Queries
----------------------------------  -----  ---------  --------  ----------  --------------  -------------------  ----------------------
/opt/airflow/dags/updateReviews.py                           1           0  0.78s           2024-09-16T01:46:49                      12
================================================================================
[2024-09-16T01:47:42.177+0000] {manager.py:1008} INFO - 
================================================================================
DAG File Processing Stats

File Path                           PID    Runtime      # DAGs    # Errors  Last Runtime    Last Run               Last # of DB Queries
----------------------------------  -----  ---------  --------  ----------  --------------  -------------------  ----------------------
/opt/airflow/dags/updateReviews.py                           1           0  0.84s           2024-09-16T01:47:20                      12
================================================================================
[2024-09-16T01:48:12.511+0000] {manager.py:1008} INFO - 
================================================================================
DAG File Processing Stats

File Path                           PID    Runtime      # DAGs    # Errors  Last Runtime    Last Run               Last # of DB Queries
----------------------------------  -----  ---------  --------  ----------  --------------  -------------------  ----------------------
/opt/airflow/dags/updateReviews.py                           1           0  0.73s           2024-09-16T01:47:50                      12
================================================================================
[2024-09-16T01:48:40.947+0000] {manager.py:832} INFO - Searching for files in /opt/airflow/dags
[2024-09-16T01:48:40.973+0000] {manager.py:835} INFO - There are 1 files in /opt/airflow/dags
[2024-09-16T01:48:42.692+0000] {manager.py:1008} INFO - 
================================================================================
DAG File Processing Stats

File Path                           PID    Runtime      # DAGs    # Errors  Last Runtime    Last Run               Last # of DB Queries
----------------------------------  -----  ---------  --------  ----------  --------------  -------------------  ----------------------
/opt/airflow/dags/updateReviews.py                           1           0  0.69s           2024-09-16T01:48:21                      12
================================================================================
[2024-09-16T01:49:12.882+0000] {manager.py:1008} INFO - 
================================================================================
DAG File Processing Stats

File Path                           PID    Runtime      # DAGs    # Errors  Last Runtime    Last Run               Last # of DB Queries
----------------------------------  -----  ---------  --------  ----------  --------------  -------------------  ----------------------
/opt/airflow/dags/updateReviews.py                           1           0  0.78s           2024-09-16T01:48:52                      12
================================================================================
[2024-09-16T01:49:43.112+0000] {manager.py:1008} INFO - 
================================================================================
DAG File Processing Stats

File Path                           PID    Runtime      # DAGs    # Errors  Last Runtime    Last Run               Last # of DB Queries
----------------------------------  -----  ---------  --------  ----------  --------------  -------------------  ----------------------
/opt/airflow/dags/updateReviews.py                           1           0  0.74s           2024-09-16T01:49:23                      12
================================================================================
[2024-09-16T01:50:13.289+0000] {manager.py:1008} INFO - 
================================================================================
DAG File Processing Stats

File Path                           PID    Runtime      # DAGs    # Errors  Last Runtime    Last Run               Last # of DB Queries
----------------------------------  -----  ---------  --------  ----------  --------------  -------------------  ----------------------
/opt/airflow/dags/updateReviews.py                           1           0  0.73s           2024-09-16T01:49:54                      12
================================================================================
[2024-09-16T01:50:23.327+0000] {manager.py:468} INFO - Exiting gracefully upon receiving signal 15
