[2024-09-19T04:38:14.544+0000] {processor.py:186} INFO - Started process (PID=72) to work on /opt/airflow/dags/updateReviews.py
[2024-09-19T04:38:14.625+0000] {processor.py:914} INFO - Processing file /opt/airflow/dags/updateReviews.py for tasks to queue
[2024-09-19T04:38:14.778+0000] {logging_mixin.py:190} INFO - [2024-09-19T04:38:14.771+0000] {dagbag.py:587} INFO - Filling up the DagBag from /opt/airflow/dags/updateReviews.py
[2024-09-19T04:38:45.028+0000] {logging_mixin.py:190} INFO - [2024-09-19T04:38:45.006+0000] {timeout.py:68} ERROR - Process timed out, PID: 72
[2024-09-19T04:39:21.744+0000] {processor.py:186} INFO - Started process (PID=91) to work on /opt/airflow/dags/updateReviews.py
[2024-09-19T04:39:21.781+0000] {processor.py:914} INFO - Processing file /opt/airflow/dags/updateReviews.py for tasks to queue
[2024-09-19T04:39:21.835+0000] {logging_mixin.py:190} INFO - [2024-09-19T04:39:21.811+0000] {dagbag.py:587} INFO - Filling up the DagBag from /opt/airflow/dags/updateReviews.py
[2024-09-19T04:39:37.797+0000] {logging_mixin.py:190} INFO - {{ task_instance.xcom_pull(task_ids='retrieve_urls', dag_id='update_reviews', key='return_value') }}
[2024-09-19T04:39:37.829+0000] {processor.py:925} INFO - DAG(s) 'update_reviews' retrieved from /opt/airflow/dags/updateReviews.py
[2024-09-19T04:39:38.432+0000] {logging_mixin.py:190} INFO - [2024-09-19T04:39:38.431+0000] {dag.py:3229} INFO - Sync 1 DAGs
[2024-09-19T04:39:38.496+0000] {logging_mixin.py:190} INFO - [2024-09-19T04:39:38.496+0000] {dag.py:4156} INFO - Setting next_dagrun for update_reviews to 2024-09-18 00:00:00+00:00, run_after=2024-09-19 00:00:00+00:00
[2024-09-19T04:39:38.568+0000] {processor.py:208} INFO - Processing /opt/airflow/dags/updateReviews.py took 18.301 seconds
[2024-09-19T04:40:09.011+0000] {processor.py:186} INFO - Started process (PID=98) to work on /opt/airflow/dags/updateReviews.py
[2024-09-19T04:40:09.013+0000] {processor.py:914} INFO - Processing file /opt/airflow/dags/updateReviews.py for tasks to queue
[2024-09-19T04:40:09.018+0000] {logging_mixin.py:190} INFO - [2024-09-19T04:40:09.017+0000] {dagbag.py:587} INFO - Filling up the DagBag from /opt/airflow/dags/updateReviews.py
[2024-09-19T04:40:11.210+0000] {logging_mixin.py:190} INFO - {{ task_instance.xcom_pull(task_ids='retrieve_urls', dag_id='update_reviews', key='return_value') }}
[2024-09-19T04:40:11.218+0000] {processor.py:925} INFO - DAG(s) 'update_reviews' retrieved from /opt/airflow/dags/updateReviews.py
[2024-09-19T04:40:11.261+0000] {logging_mixin.py:190} INFO - [2024-09-19T04:40:11.260+0000] {dag.py:3229} INFO - Sync 1 DAGs
[2024-09-19T04:40:11.320+0000] {logging_mixin.py:190} INFO - [2024-09-19T04:40:11.319+0000] {dag.py:4156} INFO - Setting next_dagrun for update_reviews to 2024-09-18 00:00:00+00:00, run_after=2024-09-19 00:00:00+00:00
[2024-09-19T04:40:11.406+0000] {processor.py:208} INFO - Processing /opt/airflow/dags/updateReviews.py took 2.415 seconds
[2024-09-19T04:40:43.664+0000] {processor.py:186} INFO - Started process (PID=105) to work on /opt/airflow/dags/updateReviews.py
[2024-09-19T04:40:43.672+0000] {processor.py:914} INFO - Processing file /opt/airflow/dags/updateReviews.py for tasks to queue
[2024-09-19T04:40:43.685+0000] {logging_mixin.py:190} INFO - [2024-09-19T04:40:43.680+0000] {dagbag.py:587} INFO - Filling up the DagBag from /opt/airflow/dags/updateReviews.py
[2024-09-19T04:40:52.462+0000] {logging_mixin.py:190} INFO - {{ task_instance.xcom_pull(task_ids='retrieve_urls', dag_id='update_reviews', key='return_value') }}
[2024-09-19T04:40:52.507+0000] {processor.py:925} INFO - DAG(s) 'update_reviews' retrieved from /opt/airflow/dags/updateReviews.py
[2024-09-19T04:40:52.797+0000] {logging_mixin.py:190} INFO - [2024-09-19T04:40:52.795+0000] {dag.py:3229} INFO - Sync 1 DAGs
[2024-09-19T04:40:52.903+0000] {logging_mixin.py:190} INFO - [2024-09-19T04:40:52.902+0000] {dag.py:4156} INFO - Setting next_dagrun for update_reviews to 2024-09-18 00:00:00+00:00, run_after=2024-09-19 00:00:00+00:00
[2024-09-19T04:40:52.975+0000] {processor.py:208} INFO - Processing /opt/airflow/dags/updateReviews.py took 9.649 seconds
[2024-09-19T04:41:23.209+0000] {processor.py:186} INFO - Started process (PID=118) to work on /opt/airflow/dags/updateReviews.py
[2024-09-19T04:41:23.214+0000] {processor.py:914} INFO - Processing file /opt/airflow/dags/updateReviews.py for tasks to queue
[2024-09-19T04:41:23.218+0000] {logging_mixin.py:190} INFO - [2024-09-19T04:41:23.217+0000] {dagbag.py:587} INFO - Filling up the DagBag from /opt/airflow/dags/updateReviews.py
[2024-09-19T04:41:24.693+0000] {logging_mixin.py:190} INFO - {{ task_instance.xcom_pull(task_ids='retrieve_urls', dag_id='update_reviews', key='return_value') }}
[2024-09-19T04:41:24.700+0000] {processor.py:925} INFO - DAG(s) 'update_reviews' retrieved from /opt/airflow/dags/updateReviews.py
[2024-09-19T04:41:24.744+0000] {logging_mixin.py:190} INFO - [2024-09-19T04:41:24.744+0000] {dag.py:3229} INFO - Sync 1 DAGs
[2024-09-19T04:41:24.780+0000] {logging_mixin.py:190} INFO - [2024-09-19T04:41:24.780+0000] {dag.py:4156} INFO - Setting next_dagrun for update_reviews to 2024-09-18 00:00:00+00:00, run_after=2024-09-19 00:00:00+00:00
[2024-09-19T04:41:24.808+0000] {processor.py:208} INFO - Processing /opt/airflow/dags/updateReviews.py took 1.620 seconds
[2024-09-19T04:41:56.266+0000] {processor.py:186} INFO - Started process (PID=125) to work on /opt/airflow/dags/updateReviews.py
[2024-09-19T04:41:56.272+0000] {processor.py:914} INFO - Processing file /opt/airflow/dags/updateReviews.py for tasks to queue
[2024-09-19T04:41:56.278+0000] {logging_mixin.py:190} INFO - [2024-09-19T04:41:56.276+0000] {dagbag.py:587} INFO - Filling up the DagBag from /opt/airflow/dags/updateReviews.py
[2024-09-19T04:42:00.662+0000] {logging_mixin.py:190} INFO - {{ task_instance.xcom_pull(task_ids='retrieve_urls', dag_id='update_reviews', key='return_value') }}
[2024-09-19T04:42:00.675+0000] {processor.py:925} INFO - DAG(s) 'update_reviews' retrieved from /opt/airflow/dags/updateReviews.py
[2024-09-19T04:42:00.770+0000] {logging_mixin.py:190} INFO - [2024-09-19T04:42:00.769+0000] {dag.py:3229} INFO - Sync 1 DAGs
[2024-09-19T04:42:00.915+0000] {logging_mixin.py:190} INFO - [2024-09-19T04:42:00.913+0000] {dag.py:4156} INFO - Setting next_dagrun for update_reviews to 2024-09-18 00:00:00+00:00, run_after=2024-09-19 00:00:00+00:00
[2024-09-19T04:42:01.020+0000] {processor.py:208} INFO - Processing /opt/airflow/dags/updateReviews.py took 4.870 seconds
[2024-09-19T04:42:31.888+0000] {processor.py:186} INFO - Started process (PID=131) to work on /opt/airflow/dags/updateReviews.py
[2024-09-19T04:42:31.893+0000] {processor.py:914} INFO - Processing file /opt/airflow/dags/updateReviews.py for tasks to queue
[2024-09-19T04:42:31.899+0000] {logging_mixin.py:190} INFO - [2024-09-19T04:42:31.898+0000] {dagbag.py:587} INFO - Filling up the DagBag from /opt/airflow/dags/updateReviews.py
[2024-09-19T04:42:34.408+0000] {logging_mixin.py:190} INFO - {{ task_instance.xcom_pull(task_ids='retrieve_urls', dag_id='update_reviews', key='return_value') }}
[2024-09-19T04:42:34.448+0000] {processor.py:925} INFO - DAG(s) 'update_reviews' retrieved from /opt/airflow/dags/updateReviews.py
[2024-09-19T04:42:35.114+0000] {logging_mixin.py:190} INFO - [2024-09-19T04:42:35.112+0000] {dag.py:3229} INFO - Sync 1 DAGs
[2024-09-19T04:42:35.314+0000] {logging_mixin.py:190} INFO - [2024-09-19T04:42:35.313+0000] {dag.py:4156} INFO - Setting next_dagrun for update_reviews to 2024-09-18 00:00:00+00:00, run_after=2024-09-19 00:00:00+00:00
[2024-09-19T04:42:35.480+0000] {processor.py:208} INFO - Processing /opt/airflow/dags/updateReviews.py took 3.609 seconds
[2024-09-19T04:43:06.646+0000] {processor.py:186} INFO - Started process (PID=138) to work on /opt/airflow/dags/updateReviews.py
[2024-09-19T04:43:06.649+0000] {processor.py:914} INFO - Processing file /opt/airflow/dags/updateReviews.py for tasks to queue
[2024-09-19T04:43:06.652+0000] {logging_mixin.py:190} INFO - [2024-09-19T04:43:06.651+0000] {dagbag.py:587} INFO - Filling up the DagBag from /opt/airflow/dags/updateReviews.py
[2024-09-19T04:43:08.445+0000] {logging_mixin.py:190} INFO - {{ task_instance.xcom_pull(task_ids='retrieve_urls', dag_id='update_reviews', key='return_value') }}
[2024-09-19T04:43:08.456+0000] {processor.py:925} INFO - DAG(s) 'update_reviews' retrieved from /opt/airflow/dags/updateReviews.py
[2024-09-19T04:43:08.511+0000] {logging_mixin.py:190} INFO - [2024-09-19T04:43:08.510+0000] {dag.py:3229} INFO - Sync 1 DAGs
[2024-09-19T04:43:08.595+0000] {logging_mixin.py:190} INFO - [2024-09-19T04:43:08.594+0000] {dag.py:4156} INFO - Setting next_dagrun for update_reviews to 2024-09-18 00:00:00+00:00, run_after=2024-09-19 00:00:00+00:00
[2024-09-19T04:43:08.638+0000] {processor.py:208} INFO - Processing /opt/airflow/dags/updateReviews.py took 2.011 seconds
[2024-09-19T04:43:39.350+0000] {processor.py:186} INFO - Started process (PID=144) to work on /opt/airflow/dags/updateReviews.py
[2024-09-19T04:43:39.352+0000] {processor.py:914} INFO - Processing file /opt/airflow/dags/updateReviews.py for tasks to queue
[2024-09-19T04:43:39.354+0000] {logging_mixin.py:190} INFO - [2024-09-19T04:43:39.354+0000] {dagbag.py:587} INFO - Filling up the DagBag from /opt/airflow/dags/updateReviews.py
[2024-09-19T04:43:40.266+0000] {logging_mixin.py:190} INFO - {{ task_instance.xcom_pull(task_ids='retrieve_urls', dag_id='update_reviews', key='return_value') }}
[2024-09-19T04:43:40.275+0000] {processor.py:925} INFO - DAG(s) 'update_reviews' retrieved from /opt/airflow/dags/updateReviews.py
[2024-09-19T04:43:40.323+0000] {logging_mixin.py:190} INFO - [2024-09-19T04:43:40.322+0000] {dag.py:3229} INFO - Sync 1 DAGs
[2024-09-19T04:43:40.373+0000] {logging_mixin.py:190} INFO - [2024-09-19T04:43:40.373+0000] {dag.py:4156} INFO - Setting next_dagrun for update_reviews to 2024-09-18 00:00:00+00:00, run_after=2024-09-19 00:00:00+00:00
[2024-09-19T04:43:40.403+0000] {processor.py:208} INFO - Processing /opt/airflow/dags/updateReviews.py took 1.069 seconds
[2024-09-19T05:02:45.055+0000] {processor.py:186} INFO - Started process (PID=66) to work on /opt/airflow/dags/updateReviews.py
[2024-09-19T05:02:45.060+0000] {processor.py:914} INFO - Processing file /opt/airflow/dags/updateReviews.py for tasks to queue
[2024-09-19T05:02:45.078+0000] {logging_mixin.py:190} INFO - [2024-09-19T05:02:45.076+0000] {dagbag.py:587} INFO - Filling up the DagBag from /opt/airflow/dags/updateReviews.py
[2024-09-19T05:03:03.617+0000] {logging_mixin.py:190} INFO - {{ task_instance.xcom_pull(task_ids='retrieve_urls', dag_id='update_reviews', key='return_value') }}
[2024-09-19T05:03:03.729+0000] {processor.py:925} INFO - DAG(s) 'update_reviews' retrieved from /opt/airflow/dags/updateReviews.py
[2024-09-19T05:03:04.256+0000] {logging_mixin.py:190} INFO - [2024-09-19T05:03:04.255+0000] {dag.py:3229} INFO - Sync 1 DAGs
[2024-09-19T05:03:04.544+0000] {logging_mixin.py:190} INFO - [2024-09-19T05:03:04.542+0000] {dag.py:4156} INFO - Setting next_dagrun for update_reviews to 2024-09-18 00:00:00+00:00, run_after=2024-09-19 00:00:00+00:00
[2024-09-19T05:03:04.913+0000] {processor.py:208} INFO - Processing /opt/airflow/dags/updateReviews.py took 19.936 seconds
[2024-09-19T05:03:36.059+0000] {processor.py:186} INFO - Started process (PID=77) to work on /opt/airflow/dags/updateReviews.py
[2024-09-19T05:03:36.066+0000] {processor.py:914} INFO - Processing file /opt/airflow/dags/updateReviews.py for tasks to queue
[2024-09-19T05:03:36.146+0000] {logging_mixin.py:190} INFO - [2024-09-19T05:03:36.143+0000] {dagbag.py:587} INFO - Filling up the DagBag from /opt/airflow/dags/updateReviews.py
[2024-09-19T05:03:44.329+0000] {logging_mixin.py:190} INFO - {{ task_instance.xcom_pull(task_ids='retrieve_urls', dag_id='update_reviews', key='return_value') }}
[2024-09-19T05:03:44.343+0000] {processor.py:925} INFO - DAG(s) 'update_reviews' retrieved from /opt/airflow/dags/updateReviews.py
[2024-09-19T05:03:44.422+0000] {logging_mixin.py:190} INFO - [2024-09-19T05:03:44.421+0000] {dag.py:3229} INFO - Sync 1 DAGs
[2024-09-19T05:03:45.380+0000] {logging_mixin.py:190} INFO - [2024-09-19T05:03:45.355+0000] {dag.py:4156} INFO - Setting next_dagrun for update_reviews to 2024-09-18 00:00:00+00:00, run_after=2024-09-19 00:00:00+00:00
[2024-09-19T05:03:46.727+0000] {processor.py:208} INFO - Processing /opt/airflow/dags/updateReviews.py took 10.810 seconds
[2024-09-19T05:04:17.431+0000] {processor.py:186} INFO - Started process (PID=84) to work on /opt/airflow/dags/updateReviews.py
[2024-09-19T05:04:17.436+0000] {processor.py:914} INFO - Processing file /opt/airflow/dags/updateReviews.py for tasks to queue
[2024-09-19T05:04:17.468+0000] {logging_mixin.py:190} INFO - [2024-09-19T05:04:17.463+0000] {dagbag.py:587} INFO - Filling up the DagBag from /opt/airflow/dags/updateReviews.py
[2024-09-19T05:04:22.729+0000] {logging_mixin.py:190} INFO - {{ task_instance.xcom_pull(task_ids='retrieve_urls', dag_id='update_reviews', key='return_value') }}
[2024-09-19T05:04:22.760+0000] {processor.py:925} INFO - DAG(s) 'update_reviews' retrieved from /opt/airflow/dags/updateReviews.py
[2024-09-19T05:04:22.853+0000] {logging_mixin.py:190} INFO - [2024-09-19T05:04:22.852+0000] {dag.py:3229} INFO - Sync 1 DAGs
[2024-09-19T05:04:22.926+0000] {logging_mixin.py:190} INFO - [2024-09-19T05:04:22.925+0000] {dag.py:4156} INFO - Setting next_dagrun for update_reviews to 2024-09-18 00:00:00+00:00, run_after=2024-09-19 00:00:00+00:00
[2024-09-19T05:04:22.968+0000] {processor.py:208} INFO - Processing /opt/airflow/dags/updateReviews.py took 5.661 seconds
[2024-09-19T05:04:55.555+0000] {processor.py:186} INFO - Started process (PID=97) to work on /opt/airflow/dags/updateReviews.py
[2024-09-19T05:04:55.694+0000] {processor.py:914} INFO - Processing file /opt/airflow/dags/updateReviews.py for tasks to queue
[2024-09-19T05:04:55.775+0000] {logging_mixin.py:190} INFO - [2024-09-19T05:04:55.766+0000] {dagbag.py:587} INFO - Filling up the DagBag from /opt/airflow/dags/updateReviews.py
[2024-09-19T05:05:05.536+0000] {logging_mixin.py:190} INFO - {{ task_instance.xcom_pull(task_ids='retrieve_urls', dag_id='update_reviews', key='return_value') }}
[2024-09-19T05:05:05.640+0000] {processor.py:925} INFO - DAG(s) 'update_reviews' retrieved from /opt/airflow/dags/updateReviews.py
[2024-09-19T05:05:05.879+0000] {logging_mixin.py:190} INFO - [2024-09-19T05:05:05.876+0000] {dag.py:3229} INFO - Sync 1 DAGs
[2024-09-19T05:05:06.447+0000] {logging_mixin.py:190} INFO - [2024-09-19T05:05:06.445+0000] {dag.py:4156} INFO - Setting next_dagrun for update_reviews to 2024-09-18 00:00:00+00:00, run_after=2024-09-19 00:00:00+00:00
[2024-09-19T05:05:06.605+0000] {processor.py:208} INFO - Processing /opt/airflow/dags/updateReviews.py took 11.272 seconds
[2024-09-19T05:05:37.704+0000] {processor.py:186} INFO - Started process (PID=104) to work on /opt/airflow/dags/updateReviews.py
[2024-09-19T05:05:37.711+0000] {processor.py:914} INFO - Processing file /opt/airflow/dags/updateReviews.py for tasks to queue
[2024-09-19T05:05:37.735+0000] {logging_mixin.py:190} INFO - [2024-09-19T05:05:37.733+0000] {dagbag.py:587} INFO - Filling up the DagBag from /opt/airflow/dags/updateReviews.py
[2024-09-19T05:05:46.885+0000] {logging_mixin.py:190} INFO - {{ task_instance.xcom_pull(task_ids='retrieve_urls', dag_id='update_reviews', key='return_value') }}
[2024-09-19T05:05:46.928+0000] {processor.py:925} INFO - DAG(s) 'update_reviews' retrieved from /opt/airflow/dags/updateReviews.py
[2024-09-19T05:05:47.833+0000] {logging_mixin.py:190} INFO - [2024-09-19T05:05:47.829+0000] {dag.py:3229} INFO - Sync 1 DAGs
[2024-09-19T05:05:47.960+0000] {logging_mixin.py:190} INFO - [2024-09-19T05:05:47.959+0000] {dag.py:4156} INFO - Setting next_dagrun for update_reviews to 2024-09-18 00:00:00+00:00, run_after=2024-09-19 00:00:00+00:00
[2024-09-19T05:05:48.031+0000] {processor.py:208} INFO - Processing /opt/airflow/dags/updateReviews.py took 10.432 seconds
[2024-09-19T05:06:18.620+0000] {processor.py:186} INFO - Started process (PID=111) to work on /opt/airflow/dags/updateReviews.py
[2024-09-19T05:06:18.629+0000] {processor.py:914} INFO - Processing file /opt/airflow/dags/updateReviews.py for tasks to queue
[2024-09-19T05:06:18.686+0000] {logging_mixin.py:190} INFO - [2024-09-19T05:06:18.680+0000] {dagbag.py:587} INFO - Filling up the DagBag from /opt/airflow/dags/updateReviews.py
[2024-09-19T05:06:44.657+0000] {logging_mixin.py:190} INFO - {{ task_instance.xcom_pull(task_ids='retrieve_urls', dag_id='update_reviews', key='return_value') }}
[2024-09-19T05:06:44.789+0000] {processor.py:925} INFO - DAG(s) 'update_reviews' retrieved from /opt/airflow/dags/updateReviews.py
[2024-09-19T05:06:45.243+0000] {logging_mixin.py:190} INFO - [2024-09-19T05:06:45.241+0000] {dag.py:3229} INFO - Sync 1 DAGs
[2024-09-19T05:06:45.503+0000] {logging_mixin.py:190} INFO - [2024-09-19T05:06:45.503+0000] {dag.py:4156} INFO - Setting next_dagrun for update_reviews to 2024-09-18 00:00:00+00:00, run_after=2024-09-19 00:00:00+00:00
[2024-09-19T05:06:45.665+0000] {processor.py:208} INFO - Processing /opt/airflow/dags/updateReviews.py took 27.216 seconds
[2024-09-19T05:07:18.562+0000] {processor.py:186} INFO - Started process (PID=124) to work on /opt/airflow/dags/updateReviews.py
[2024-09-19T05:07:18.668+0000] {processor.py:914} INFO - Processing file /opt/airflow/dags/updateReviews.py for tasks to queue
[2024-09-19T05:07:19.307+0000] {logging_mixin.py:190} INFO - [2024-09-19T05:07:19.269+0000] {dagbag.py:587} INFO - Filling up the DagBag from /opt/airflow/dags/updateReviews.py
[2024-09-19T05:08:45.403+0000] {processor.py:186} INFO - Started process (PID=138) to work on /opt/airflow/dags/updateReviews.py
[2024-09-19T05:08:45.484+0000] {processor.py:914} INFO - Processing file /opt/airflow/dags/updateReviews.py for tasks to queue
[2024-09-19T05:08:45.543+0000] {logging_mixin.py:190} INFO - [2024-09-19T05:08:45.541+0000] {dagbag.py:587} INFO - Filling up the DagBag from /opt/airflow/dags/updateReviews.py
[2024-09-19T05:08:59.497+0000] {logging_mixin.py:190} INFO - {{ task_instance.xcom_pull(task_ids='retrieve_urls', dag_id='update_reviews', key='return_value') }}
[2024-09-19T05:08:59.548+0000] {processor.py:925} INFO - DAG(s) 'update_reviews' retrieved from /opt/airflow/dags/updateReviews.py
[2024-09-19T05:09:00.929+0000] {logging_mixin.py:190} INFO - [2024-09-19T05:09:00.928+0000] {dag.py:3229} INFO - Sync 1 DAGs
[2024-09-19T05:09:01.112+0000] {logging_mixin.py:190} INFO - [2024-09-19T05:09:01.111+0000] {dag.py:4156} INFO - Setting next_dagrun for update_reviews to 2024-09-18 00:00:00+00:00, run_after=2024-09-19 00:00:00+00:00
[2024-09-19T05:09:01.233+0000] {processor.py:208} INFO - Processing /opt/airflow/dags/updateReviews.py took 16.178 seconds
[2024-09-19T05:09:31.775+0000] {processor.py:186} INFO - Started process (PID=150) to work on /opt/airflow/dags/updateReviews.py
[2024-09-19T05:09:31.781+0000] {processor.py:914} INFO - Processing file /opt/airflow/dags/updateReviews.py for tasks to queue
[2024-09-19T05:09:31.801+0000] {logging_mixin.py:190} INFO - [2024-09-19T05:09:31.798+0000] {dagbag.py:587} INFO - Filling up the DagBag from /opt/airflow/dags/updateReviews.py
[2024-09-19T05:09:40.537+0000] {logging_mixin.py:190} INFO - {{ task_instance.xcom_pull(task_ids='retrieve_urls', dag_id='update_reviews', key='return_value') }}
[2024-09-19T05:09:40.606+0000] {processor.py:925} INFO - DAG(s) 'update_reviews' retrieved from /opt/airflow/dags/updateReviews.py
[2024-09-19T05:09:40.968+0000] {logging_mixin.py:190} INFO - [2024-09-19T05:09:40.967+0000] {dag.py:3229} INFO - Sync 1 DAGs
[2024-09-19T05:09:41.111+0000] {logging_mixin.py:190} INFO - [2024-09-19T05:09:41.108+0000] {dag.py:4156} INFO - Setting next_dagrun for update_reviews to 2024-09-18 00:00:00+00:00, run_after=2024-09-19 00:00:00+00:00
[2024-09-19T05:09:41.184+0000] {processor.py:208} INFO - Processing /opt/airflow/dags/updateReviews.py took 9.510 seconds
[2024-09-19T05:10:11.738+0000] {processor.py:186} INFO - Started process (PID=157) to work on /opt/airflow/dags/updateReviews.py
[2024-09-19T05:10:11.757+0000] {processor.py:914} INFO - Processing file /opt/airflow/dags/updateReviews.py for tasks to queue
[2024-09-19T05:10:11.765+0000] {logging_mixin.py:190} INFO - [2024-09-19T05:10:11.763+0000] {dagbag.py:587} INFO - Filling up the DagBag from /opt/airflow/dags/updateReviews.py
[2024-09-19T05:10:15.253+0000] {logging_mixin.py:190} INFO - {{ task_instance.xcom_pull(task_ids='retrieve_urls', dag_id='update_reviews', key='return_value') }}
[2024-09-19T05:10:15.290+0000] {processor.py:925} INFO - DAG(s) 'update_reviews' retrieved from /opt/airflow/dags/updateReviews.py
[2024-09-19T05:10:15.450+0000] {logging_mixin.py:190} INFO - [2024-09-19T05:10:15.448+0000] {dag.py:3229} INFO - Sync 1 DAGs
[2024-09-19T05:10:15.595+0000] {logging_mixin.py:190} INFO - [2024-09-19T05:10:15.593+0000] {dag.py:4156} INFO - Setting next_dagrun for update_reviews to 2024-09-18 00:00:00+00:00, run_after=2024-09-19 00:00:00+00:00
[2024-09-19T05:10:15.656+0000] {processor.py:208} INFO - Processing /opt/airflow/dags/updateReviews.py took 4.016 seconds
[2024-09-19T05:10:46.738+0000] {processor.py:186} INFO - Started process (PID=164) to work on /opt/airflow/dags/updateReviews.py
[2024-09-19T05:10:46.745+0000] {processor.py:914} INFO - Processing file /opt/airflow/dags/updateReviews.py for tasks to queue
[2024-09-19T05:10:46.760+0000] {logging_mixin.py:190} INFO - [2024-09-19T05:10:46.757+0000] {dagbag.py:587} INFO - Filling up the DagBag from /opt/airflow/dags/updateReviews.py
[2024-09-19T05:11:02.550+0000] {logging_mixin.py:190} INFO - {{ task_instance.xcom_pull(task_ids='retrieve_urls', dag_id='update_reviews', key='return_value') }}
[2024-09-19T05:11:02.584+0000] {processor.py:925} INFO - DAG(s) 'update_reviews' retrieved from /opt/airflow/dags/updateReviews.py
[2024-09-19T05:11:02.701+0000] {logging_mixin.py:190} INFO - [2024-09-19T05:11:02.699+0000] {dag.py:3229} INFO - Sync 1 DAGs
[2024-09-19T05:11:02.855+0000] {logging_mixin.py:190} INFO - [2024-09-19T05:11:02.854+0000] {dag.py:4156} INFO - Setting next_dagrun for update_reviews to 2024-09-18 00:00:00+00:00, run_after=2024-09-19 00:00:00+00:00
[2024-09-19T05:11:03.122+0000] {processor.py:208} INFO - Processing /opt/airflow/dags/updateReviews.py took 16.782 seconds
[2024-09-19T05:11:33.598+0000] {processor.py:186} INFO - Started process (PID=177) to work on /opt/airflow/dags/updateReviews.py
[2024-09-19T05:11:33.600+0000] {processor.py:914} INFO - Processing file /opt/airflow/dags/updateReviews.py for tasks to queue
[2024-09-19T05:11:33.603+0000] {logging_mixin.py:190} INFO - [2024-09-19T05:11:33.602+0000] {dagbag.py:587} INFO - Filling up the DagBag from /opt/airflow/dags/updateReviews.py
[2024-09-19T05:11:35.686+0000] {logging_mixin.py:190} INFO - {{ task_instance.xcom_pull(task_ids='retrieve_urls', dag_id='update_reviews', key='return_value') }}
[2024-09-19T05:11:35.696+0000] {processor.py:925} INFO - DAG(s) 'update_reviews' retrieved from /opt/airflow/dags/updateReviews.py
[2024-09-19T05:11:35.768+0000] {logging_mixin.py:190} INFO - [2024-09-19T05:11:35.767+0000] {dag.py:3229} INFO - Sync 1 DAGs
[2024-09-19T05:11:35.817+0000] {logging_mixin.py:190} INFO - [2024-09-19T05:11:35.816+0000] {dag.py:4156} INFO - Setting next_dagrun for update_reviews to 2024-09-18 00:00:00+00:00, run_after=2024-09-19 00:00:00+00:00
[2024-09-19T05:11:35.850+0000] {processor.py:208} INFO - Processing /opt/airflow/dags/updateReviews.py took 2.309 seconds
[2024-09-19T05:12:06.278+0000] {processor.py:186} INFO - Started process (PID=184) to work on /opt/airflow/dags/updateReviews.py
[2024-09-19T05:12:06.285+0000] {processor.py:914} INFO - Processing file /opt/airflow/dags/updateReviews.py for tasks to queue
[2024-09-19T05:12:06.301+0000] {logging_mixin.py:190} INFO - [2024-09-19T05:12:06.299+0000] {dagbag.py:587} INFO - Filling up the DagBag from /opt/airflow/dags/updateReviews.py
[2024-09-19T05:12:08.296+0000] {logging_mixin.py:190} INFO - {{ task_instance.xcom_pull(task_ids='retrieve_urls', dag_id='update_reviews', key='return_value') }}
[2024-09-19T05:12:08.309+0000] {processor.py:925} INFO - DAG(s) 'update_reviews' retrieved from /opt/airflow/dags/updateReviews.py
[2024-09-19T05:12:08.413+0000] {logging_mixin.py:190} INFO - [2024-09-19T05:12:08.412+0000] {dag.py:3229} INFO - Sync 1 DAGs
[2024-09-19T05:12:08.501+0000] {logging_mixin.py:190} INFO - [2024-09-19T05:12:08.500+0000] {dag.py:4156} INFO - Setting next_dagrun for update_reviews to 2024-09-18 00:00:00+00:00, run_after=2024-09-19 00:00:00+00:00
[2024-09-19T05:12:08.586+0000] {processor.py:208} INFO - Processing /opt/airflow/dags/updateReviews.py took 2.368 seconds
[2024-09-19T05:12:41.190+0000] {processor.py:186} INFO - Started process (PID=191) to work on /opt/airflow/dags/updateReviews.py
[2024-09-19T05:12:41.214+0000] {processor.py:914} INFO - Processing file /opt/airflow/dags/updateReviews.py for tasks to queue
[2024-09-19T05:12:41.250+0000] {logging_mixin.py:190} INFO - [2024-09-19T05:12:41.248+0000] {dagbag.py:587} INFO - Filling up the DagBag from /opt/airflow/dags/updateReviews.py
[2024-09-19T05:12:43.883+0000] {logging_mixin.py:190} INFO - {{ task_instance.xcom_pull(task_ids='retrieve_urls', dag_id='update_reviews', key='return_value') }}
[2024-09-19T05:12:43.896+0000] {processor.py:925} INFO - DAG(s) 'update_reviews' retrieved from /opt/airflow/dags/updateReviews.py
[2024-09-19T05:12:43.975+0000] {logging_mixin.py:190} INFO - [2024-09-19T05:12:43.974+0000] {dag.py:3229} INFO - Sync 1 DAGs
[2024-09-19T05:12:44.060+0000] {logging_mixin.py:190} INFO - [2024-09-19T05:12:44.059+0000] {dag.py:4156} INFO - Setting next_dagrun for update_reviews to 2024-09-18 00:00:00+00:00, run_after=2024-09-19 00:00:00+00:00
[2024-09-19T05:12:44.102+0000] {processor.py:208} INFO - Processing /opt/airflow/dags/updateReviews.py took 2.945 seconds
[2024-09-19T05:13:14.686+0000] {processor.py:186} INFO - Started process (PID=198) to work on /opt/airflow/dags/updateReviews.py
[2024-09-19T05:13:14.688+0000] {processor.py:914} INFO - Processing file /opt/airflow/dags/updateReviews.py for tasks to queue
[2024-09-19T05:13:14.691+0000] {logging_mixin.py:190} INFO - [2024-09-19T05:13:14.690+0000] {dagbag.py:587} INFO - Filling up the DagBag from /opt/airflow/dags/updateReviews.py
[2024-09-19T05:13:15.921+0000] {logging_mixin.py:190} INFO - {{ task_instance.xcom_pull(task_ids='retrieve_urls', dag_id='update_reviews', key='return_value') }}
[2024-09-19T05:13:15.934+0000] {processor.py:925} INFO - DAG(s) 'update_reviews' retrieved from /opt/airflow/dags/updateReviews.py
[2024-09-19T05:13:15.995+0000] {logging_mixin.py:190} INFO - [2024-09-19T05:13:15.994+0000] {dag.py:3229} INFO - Sync 1 DAGs
[2024-09-19T05:13:16.041+0000] {logging_mixin.py:190} INFO - [2024-09-19T05:13:16.040+0000] {dag.py:4156} INFO - Setting next_dagrun for update_reviews to 2024-09-18 00:00:00+00:00, run_after=2024-09-19 00:00:00+00:00
[2024-09-19T05:13:16.073+0000] {processor.py:208} INFO - Processing /opt/airflow/dags/updateReviews.py took 1.403 seconds
[2024-09-19T05:13:46.812+0000] {processor.py:186} INFO - Started process (PID=205) to work on /opt/airflow/dags/updateReviews.py
[2024-09-19T05:13:46.816+0000] {processor.py:914} INFO - Processing file /opt/airflow/dags/updateReviews.py for tasks to queue
[2024-09-19T05:13:46.823+0000] {logging_mixin.py:190} INFO - [2024-09-19T05:13:46.820+0000] {dagbag.py:587} INFO - Filling up the DagBag from /opt/airflow/dags/updateReviews.py
[2024-09-19T05:13:50.615+0000] {logging_mixin.py:190} INFO - {{ task_instance.xcom_pull(task_ids='retrieve_urls', dag_id='update_reviews', key='return_value') }}
[2024-09-19T05:13:50.636+0000] {processor.py:925} INFO - DAG(s) 'update_reviews' retrieved from /opt/airflow/dags/updateReviews.py
[2024-09-19T05:13:50.893+0000] {logging_mixin.py:190} INFO - [2024-09-19T05:13:50.892+0000] {dag.py:3229} INFO - Sync 1 DAGs
[2024-09-19T05:13:51.003+0000] {logging_mixin.py:190} INFO - [2024-09-19T05:13:51.002+0000] {dag.py:4156} INFO - Setting next_dagrun for update_reviews to 2024-09-18 00:00:00+00:00, run_after=2024-09-19 00:00:00+00:00
[2024-09-19T05:13:51.066+0000] {processor.py:208} INFO - Processing /opt/airflow/dags/updateReviews.py took 4.286 seconds
[2024-09-19T05:23:26.074+0000] {processor.py:186} INFO - Started process (PID=82) to work on /opt/airflow/dags/updateReviews.py
[2024-09-19T05:23:26.104+0000] {processor.py:914} INFO - Processing file /opt/airflow/dags/updateReviews.py for tasks to queue
[2024-09-19T05:23:26.418+0000] {logging_mixin.py:190} INFO - [2024-09-19T05:23:26.402+0000] {dagbag.py:587} INFO - Filling up the DagBag from /opt/airflow/dags/updateReviews.py
[2024-09-19T05:24:09.959+0000] {logging_mixin.py:190} INFO - [2024-09-19T05:24:09.939+0000] {timeout.py:68} ERROR - Process timed out, PID: 82
[2024-09-19T05:24:09.966+0000] {logging_mixin.py:190} WARNING - Exception ignored in: <function WeakKeyDictionary.__init__.<locals>.remove at 0x7fa06cfaa980>
[2024-09-19T05:24:09.986+0000] {logging_mixin.py:190} WARNING - Traceback (most recent call last):
[2024-09-19T05:24:10.001+0000] {logging_mixin.py:190} WARNING -   File "/usr/local/lib/python3.12/weakref.py", line 369, in remove
[2024-09-19T05:24:10.020+0000] {logging_mixin.py:190} WARNING -     def remove(k, selfref=ref(self)):
[2024-09-19T05:24:10.021+0000] {logging_mixin.py:190} WARNING -   File "/home/airflow/.local/lib/python3.12/site-packages/airflow/utils/timeout.py", line 69, in handle_timeout
[2024-09-19T05:24:10.030+0000] {logging_mixin.py:190} WARNING -     raise AirflowTaskTimeout(self.error_message)
[2024-09-19T05:24:10.035+0000] {logging_mixin.py:190} WARNING - airflow.exceptions.AirflowTaskTimeout: DagBag import timeout for /opt/airflow/dags/updateReviews.py after 30.0s.
Please take a look at these docs to improve your DAG import time:
* https://airflow.apache.org/docs/apache-airflow/2.10.1/best-practices.html#top-level-python-code
* https://airflow.apache.org/docs/apache-airflow/2.10.1/best-practices.html#reducing-dag-complexity, PID: 82
[2024-09-19T05:24:51.954+0000] {processor.py:186} INFO - Started process (PID=94) to work on /opt/airflow/dags/updateReviews.py
[2024-09-19T05:24:52.082+0000] {processor.py:914} INFO - Processing file /opt/airflow/dags/updateReviews.py for tasks to queue
[2024-09-19T05:24:52.227+0000] {logging_mixin.py:190} INFO - [2024-09-19T05:24:52.196+0000] {dagbag.py:587} INFO - Filling up the DagBag from /opt/airflow/dags/updateReviews.py
[2024-09-19T05:25:27.241+0000] {logging_mixin.py:190} INFO - [2024-09-19T05:25:27.233+0000] {timeout.py:68} ERROR - Process timed out, PID: 94
[2024-09-19T05:25:27.284+0000] {logging_mixin.py:190} WARNING - Exception ignored in: <function WeakKeyDictionary.__init__.<locals>.remove at 0x7fa06cfaa980>
[2024-09-19T05:25:27.300+0000] {logging_mixin.py:190} WARNING - Traceback (most recent call last):
[2024-09-19T05:25:27.303+0000] {logging_mixin.py:190} WARNING -   File "/usr/local/lib/python3.12/weakref.py", line 369, in remove
[2024-09-19T05:25:27.306+0000] {logging_mixin.py:190} WARNING -     def remove(k, selfref=ref(self)):
[2024-09-19T05:25:27.316+0000] {logging_mixin.py:190} WARNING -   File "/home/airflow/.local/lib/python3.12/site-packages/airflow/utils/timeout.py", line 69, in handle_timeout
[2024-09-19T05:25:27.336+0000] {logging_mixin.py:190} WARNING -     raise AirflowTaskTimeout(self.error_message)
[2024-09-19T05:25:27.339+0000] {logging_mixin.py:190} WARNING - airflow.exceptions.AirflowTaskTimeout: DagBag import timeout for /opt/airflow/dags/updateReviews.py after 30.0s.
Please take a look at these docs to improve your DAG import time:
* https://airflow.apache.org/docs/apache-airflow/2.10.1/best-practices.html#top-level-python-code
* https://airflow.apache.org/docs/apache-airflow/2.10.1/best-practices.html#reducing-dag-complexity, PID: 94
[2024-09-19T05:26:09.772+0000] {processor.py:186} INFO - Started process (PID=113) to work on /opt/airflow/dags/updateReviews.py
[2024-09-19T05:26:09.810+0000] {processor.py:914} INFO - Processing file /opt/airflow/dags/updateReviews.py for tasks to queue
[2024-09-19T05:26:09.869+0000] {logging_mixin.py:190} INFO - [2024-09-19T05:26:09.851+0000] {dagbag.py:587} INFO - Filling up the DagBag from /opt/airflow/dags/updateReviews.py
[2024-09-19T05:27:32.115+0000] {processor.py:186} INFO - Started process (PID=126) to work on /opt/airflow/dags/updateReviews.py
[2024-09-19T05:27:32.196+0000] {processor.py:914} INFO - Processing file /opt/airflow/dags/updateReviews.py for tasks to queue
[2024-09-19T05:27:32.235+0000] {logging_mixin.py:190} INFO - [2024-09-19T05:27:32.222+0000] {dagbag.py:587} INFO - Filling up the DagBag from /opt/airflow/dags/updateReviews.py
[2024-09-19T05:27:55.857+0000] {logging_mixin.py:190} INFO - {{ task_instance.xcom_pull(task_ids='retrieve_urls', dag_id='update_reviews', key='return_value') }}
[2024-09-19T05:27:55.930+0000] {processor.py:925} INFO - DAG(s) 'update_reviews' retrieved from /opt/airflow/dags/updateReviews.py
[2024-09-19T05:27:57.586+0000] {logging_mixin.py:190} INFO - [2024-09-19T05:27:57.583+0000] {dag.py:3229} INFO - Sync 1 DAGs
[2024-09-19T05:27:57.695+0000] {logging_mixin.py:190} INFO - [2024-09-19T05:27:57.695+0000] {dag.py:4156} INFO - Setting next_dagrun for update_reviews to 2024-09-18 00:00:00+00:00, run_after=2024-09-19 00:00:00+00:00
[2024-09-19T05:27:57.787+0000] {processor.py:208} INFO - Processing /opt/airflow/dags/updateReviews.py took 26.582 seconds
[2024-09-19T05:28:28.341+0000] {processor.py:186} INFO - Started process (PID=139) to work on /opt/airflow/dags/updateReviews.py
[2024-09-19T05:28:28.344+0000] {processor.py:914} INFO - Processing file /opt/airflow/dags/updateReviews.py for tasks to queue
[2024-09-19T05:28:28.348+0000] {logging_mixin.py:190} INFO - [2024-09-19T05:28:28.347+0000] {dagbag.py:587} INFO - Filling up the DagBag from /opt/airflow/dags/updateReviews.py
[2024-09-19T05:28:30.822+0000] {logging_mixin.py:190} INFO - {{ task_instance.xcom_pull(task_ids='retrieve_urls', dag_id='update_reviews', key='return_value') }}
[2024-09-19T05:28:30.833+0000] {processor.py:925} INFO - DAG(s) 'update_reviews' retrieved from /opt/airflow/dags/updateReviews.py
[2024-09-19T05:28:30.889+0000] {logging_mixin.py:190} INFO - [2024-09-19T05:28:30.888+0000] {dag.py:3229} INFO - Sync 1 DAGs
[2024-09-19T05:28:30.936+0000] {logging_mixin.py:190} INFO - [2024-09-19T05:28:30.935+0000] {dag.py:4156} INFO - Setting next_dagrun for update_reviews to 2024-09-18 00:00:00+00:00, run_after=2024-09-19 00:00:00+00:00
[2024-09-19T05:28:30.969+0000] {processor.py:208} INFO - Processing /opt/airflow/dags/updateReviews.py took 2.710 seconds
[2024-09-19T05:29:02.011+0000] {processor.py:186} INFO - Started process (PID=146) to work on /opt/airflow/dags/updateReviews.py
[2024-09-19T05:29:02.030+0000] {processor.py:914} INFO - Processing file /opt/airflow/dags/updateReviews.py for tasks to queue
[2024-09-19T05:29:02.047+0000] {logging_mixin.py:190} INFO - [2024-09-19T05:29:02.045+0000] {dagbag.py:587} INFO - Filling up the DagBag from /opt/airflow/dags/updateReviews.py
[2024-09-19T05:29:04.919+0000] {logging_mixin.py:190} INFO - {{ task_instance.xcom_pull(task_ids='retrieve_urls', dag_id='update_reviews', key='return_value') }}
[2024-09-19T05:29:04.933+0000] {processor.py:925} INFO - DAG(s) 'update_reviews' retrieved from /opt/airflow/dags/updateReviews.py
[2024-09-19T05:29:05.012+0000] {logging_mixin.py:190} INFO - [2024-09-19T05:29:05.012+0000] {dag.py:3229} INFO - Sync 1 DAGs
[2024-09-19T05:29:05.084+0000] {logging_mixin.py:190} INFO - [2024-09-19T05:29:05.083+0000] {dag.py:4156} INFO - Setting next_dagrun for update_reviews to 2024-09-18 00:00:00+00:00, run_after=2024-09-19 00:00:00+00:00
[2024-09-19T05:29:05.119+0000] {processor.py:208} INFO - Processing /opt/airflow/dags/updateReviews.py took 3.175 seconds
[2024-09-19T05:29:36.131+0000] {processor.py:186} INFO - Started process (PID=153) to work on /opt/airflow/dags/updateReviews.py
[2024-09-19T05:29:36.134+0000] {processor.py:914} INFO - Processing file /opt/airflow/dags/updateReviews.py for tasks to queue
[2024-09-19T05:29:36.140+0000] {logging_mixin.py:190} INFO - [2024-09-19T05:29:36.138+0000] {dagbag.py:587} INFO - Filling up the DagBag from /opt/airflow/dags/updateReviews.py
[2024-09-19T05:29:45.269+0000] {logging_mixin.py:190} INFO - {{ task_instance.xcom_pull(task_ids='retrieve_urls', dag_id='update_reviews', key='return_value') }}
[2024-09-19T05:29:45.292+0000] {processor.py:925} INFO - DAG(s) 'update_reviews' retrieved from /opt/airflow/dags/updateReviews.py
[2024-09-19T05:29:45.432+0000] {logging_mixin.py:190} INFO - [2024-09-19T05:29:45.431+0000] {dag.py:3229} INFO - Sync 1 DAGs
[2024-09-19T05:29:45.552+0000] {logging_mixin.py:190} INFO - [2024-09-19T05:29:45.551+0000] {dag.py:4156} INFO - Setting next_dagrun for update_reviews to 2024-09-18 00:00:00+00:00, run_after=2024-09-19 00:00:00+00:00
[2024-09-19T05:29:45.683+0000] {processor.py:208} INFO - Processing /opt/airflow/dags/updateReviews.py took 9.584 seconds
[2024-09-19T05:30:16.200+0000] {processor.py:186} INFO - Started process (PID=165) to work on /opt/airflow/dags/updateReviews.py
[2024-09-19T05:30:16.227+0000] {processor.py:914} INFO - Processing file /opt/airflow/dags/updateReviews.py for tasks to queue
[2024-09-19T05:30:16.244+0000] {logging_mixin.py:190} INFO - [2024-09-19T05:30:16.238+0000] {dagbag.py:587} INFO - Filling up the DagBag from /opt/airflow/dags/updateReviews.py
[2024-09-19T05:30:20.413+0000] {logging_mixin.py:190} INFO - {{ task_instance.xcom_pull(task_ids='retrieve_urls', dag_id='update_reviews', key='return_value') }}
[2024-09-19T05:30:20.448+0000] {processor.py:925} INFO - DAG(s) 'update_reviews' retrieved from /opt/airflow/dags/updateReviews.py
[2024-09-19T05:30:20.554+0000] {logging_mixin.py:190} INFO - [2024-09-19T05:30:20.553+0000] {dag.py:3229} INFO - Sync 1 DAGs
[2024-09-19T05:30:20.632+0000] {logging_mixin.py:190} INFO - [2024-09-19T05:30:20.632+0000] {dag.py:4156} INFO - Setting next_dagrun for update_reviews to 2024-09-18 00:00:00+00:00, run_after=2024-09-19 00:00:00+00:00
[2024-09-19T05:30:20.682+0000] {processor.py:208} INFO - Processing /opt/airflow/dags/updateReviews.py took 4.612 seconds
[2024-09-19T05:30:51.013+0000] {processor.py:186} INFO - Started process (PID=172) to work on /opt/airflow/dags/updateReviews.py
[2024-09-19T05:30:51.028+0000] {processor.py:914} INFO - Processing file /opt/airflow/dags/updateReviews.py for tasks to queue
[2024-09-19T05:30:51.041+0000] {logging_mixin.py:190} INFO - [2024-09-19T05:30:51.035+0000] {dagbag.py:587} INFO - Filling up the DagBag from /opt/airflow/dags/updateReviews.py
[2024-09-19T05:30:54.944+0000] {logging_mixin.py:190} INFO - {{ task_instance.xcom_pull(task_ids='retrieve_urls', dag_id='update_reviews', key='return_value') }}
[2024-09-19T05:30:54.971+0000] {processor.py:925} INFO - DAG(s) 'update_reviews' retrieved from /opt/airflow/dags/updateReviews.py
[2024-09-19T05:30:55.121+0000] {logging_mixin.py:190} INFO - [2024-09-19T05:30:55.120+0000] {dag.py:3229} INFO - Sync 1 DAGs
[2024-09-19T05:30:55.245+0000] {logging_mixin.py:190} INFO - [2024-09-19T05:30:55.244+0000] {dag.py:4156} INFO - Setting next_dagrun for update_reviews to 2024-09-18 00:00:00+00:00, run_after=2024-09-19 00:00:00+00:00
[2024-09-19T05:30:55.304+0000] {processor.py:208} INFO - Processing /opt/airflow/dags/updateReviews.py took 4.334 seconds
[2024-09-19T05:31:25.912+0000] {processor.py:186} INFO - Started process (PID=179) to work on /opt/airflow/dags/updateReviews.py
[2024-09-19T05:31:25.914+0000] {processor.py:914} INFO - Processing file /opt/airflow/dags/updateReviews.py for tasks to queue
[2024-09-19T05:31:25.917+0000] {logging_mixin.py:190} INFO - [2024-09-19T05:31:25.916+0000] {dagbag.py:587} INFO - Filling up the DagBag from /opt/airflow/dags/updateReviews.py
[2024-09-19T05:31:27.314+0000] {logging_mixin.py:190} INFO - {{ task_instance.xcom_pull(task_ids='retrieve_urls', dag_id='update_reviews', key='return_value') }}
[2024-09-19T05:31:27.333+0000] {processor.py:925} INFO - DAG(s) 'update_reviews' retrieved from /opt/airflow/dags/updateReviews.py
[2024-09-19T05:31:27.449+0000] {logging_mixin.py:190} INFO - [2024-09-19T05:31:27.448+0000] {dag.py:3229} INFO - Sync 1 DAGs
[2024-09-19T05:31:27.536+0000] {logging_mixin.py:190} INFO - [2024-09-19T05:31:27.535+0000] {dag.py:4156} INFO - Setting next_dagrun for update_reviews to 2024-09-18 00:00:00+00:00, run_after=2024-09-19 00:00:00+00:00
[2024-09-19T05:31:27.591+0000] {processor.py:208} INFO - Processing /opt/airflow/dags/updateReviews.py took 1.696 seconds
[2024-09-19T05:31:57.967+0000] {processor.py:186} INFO - Started process (PID=186) to work on /opt/airflow/dags/updateReviews.py
[2024-09-19T05:31:57.968+0000] {processor.py:914} INFO - Processing file /opt/airflow/dags/updateReviews.py for tasks to queue
[2024-09-19T05:31:57.971+0000] {logging_mixin.py:190} INFO - [2024-09-19T05:31:57.971+0000] {dagbag.py:587} INFO - Filling up the DagBag from /opt/airflow/dags/updateReviews.py
[2024-09-19T05:32:00.691+0000] {logging_mixin.py:190} INFO - {{ task_instance.xcom_pull(task_ids='retrieve_urls', dag_id='update_reviews', key='return_value') }}
[2024-09-19T05:32:00.711+0000] {processor.py:925} INFO - DAG(s) 'update_reviews' retrieved from /opt/airflow/dags/updateReviews.py
[2024-09-19T05:32:00.822+0000] {logging_mixin.py:190} INFO - [2024-09-19T05:32:00.821+0000] {dag.py:3229} INFO - Sync 1 DAGs
[2024-09-19T05:32:00.897+0000] {logging_mixin.py:190} INFO - [2024-09-19T05:32:00.896+0000] {dag.py:4156} INFO - Setting next_dagrun for update_reviews to 2024-09-18 00:00:00+00:00, run_after=2024-09-19 00:00:00+00:00
[2024-09-19T05:32:00.952+0000] {processor.py:208} INFO - Processing /opt/airflow/dags/updateReviews.py took 2.996 seconds
[2024-09-19T05:32:31.354+0000] {processor.py:186} INFO - Started process (PID=193) to work on /opt/airflow/dags/updateReviews.py
[2024-09-19T05:32:31.356+0000] {processor.py:914} INFO - Processing file /opt/airflow/dags/updateReviews.py for tasks to queue
[2024-09-19T05:32:31.359+0000] {logging_mixin.py:190} INFO - [2024-09-19T05:32:31.358+0000] {dagbag.py:587} INFO - Filling up the DagBag from /opt/airflow/dags/updateReviews.py
[2024-09-19T05:32:33.306+0000] {logging_mixin.py:190} INFO - {{ task_instance.xcom_pull(task_ids='retrieve_urls', dag_id='update_reviews', key='return_value') }}
[2024-09-19T05:32:33.318+0000] {processor.py:925} INFO - DAG(s) 'update_reviews' retrieved from /opt/airflow/dags/updateReviews.py
[2024-09-19T05:32:33.391+0000] {logging_mixin.py:190} INFO - [2024-09-19T05:32:33.390+0000] {dag.py:3229} INFO - Sync 1 DAGs
[2024-09-19T05:32:33.441+0000] {logging_mixin.py:190} INFO - [2024-09-19T05:32:33.441+0000] {dag.py:4156} INFO - Setting next_dagrun for update_reviews to 2024-09-18 00:00:00+00:00, run_after=2024-09-19 00:00:00+00:00
[2024-09-19T05:32:33.475+0000] {processor.py:208} INFO - Processing /opt/airflow/dags/updateReviews.py took 2.150 seconds
[2024-09-19T05:33:03.943+0000] {processor.py:186} INFO - Started process (PID=200) to work on /opt/airflow/dags/updateReviews.py
[2024-09-19T05:33:03.949+0000] {processor.py:914} INFO - Processing file /opt/airflow/dags/updateReviews.py for tasks to queue
[2024-09-19T05:33:03.958+0000] {logging_mixin.py:190} INFO - [2024-09-19T05:33:03.956+0000] {dagbag.py:587} INFO - Filling up the DagBag from /opt/airflow/dags/updateReviews.py
[2024-09-19T05:33:06.285+0000] {logging_mixin.py:190} INFO - {{ task_instance.xcom_pull(task_ids='retrieve_urls', dag_id='update_reviews', key='return_value') }}
[2024-09-19T05:33:06.307+0000] {processor.py:925} INFO - DAG(s) 'update_reviews' retrieved from /opt/airflow/dags/updateReviews.py
[2024-09-19T05:33:06.395+0000] {logging_mixin.py:190} INFO - [2024-09-19T05:33:06.394+0000] {dag.py:3229} INFO - Sync 1 DAGs
[2024-09-19T05:33:06.474+0000] {logging_mixin.py:190} INFO - [2024-09-19T05:33:06.474+0000] {dag.py:4156} INFO - Setting next_dagrun for update_reviews to 2024-09-18 00:00:00+00:00, run_after=2024-09-19 00:00:00+00:00
[2024-09-19T05:33:06.562+0000] {processor.py:208} INFO - Processing /opt/airflow/dags/updateReviews.py took 2.683 seconds
[2024-09-19T05:33:36.664+0000] {processor.py:186} INFO - Started process (PID=207) to work on /opt/airflow/dags/updateReviews.py
[2024-09-19T05:33:36.668+0000] {processor.py:914} INFO - Processing file /opt/airflow/dags/updateReviews.py for tasks to queue
[2024-09-19T05:33:36.671+0000] {logging_mixin.py:190} INFO - [2024-09-19T05:33:36.670+0000] {dagbag.py:587} INFO - Filling up the DagBag from /opt/airflow/dags/updateReviews.py
[2024-09-19T05:33:38.032+0000] {logging_mixin.py:190} INFO - {{ task_instance.xcom_pull(task_ids='retrieve_urls', dag_id='update_reviews', key='return_value') }}
[2024-09-19T05:33:38.052+0000] {processor.py:925} INFO - DAG(s) 'update_reviews' retrieved from /opt/airflow/dags/updateReviews.py
[2024-09-19T05:33:38.120+0000] {logging_mixin.py:190} INFO - [2024-09-19T05:33:38.119+0000] {dag.py:3229} INFO - Sync 1 DAGs
[2024-09-19T05:33:38.171+0000] {logging_mixin.py:190} INFO - [2024-09-19T05:33:38.171+0000] {dag.py:4156} INFO - Setting next_dagrun for update_reviews to 2024-09-18 00:00:00+00:00, run_after=2024-09-19 00:00:00+00:00
[2024-09-19T05:33:38.207+0000] {processor.py:208} INFO - Processing /opt/airflow/dags/updateReviews.py took 1.559 seconds
[2024-09-19T05:34:08.978+0000] {processor.py:186} INFO - Started process (PID=214) to work on /opt/airflow/dags/updateReviews.py
[2024-09-19T05:34:08.981+0000] {processor.py:914} INFO - Processing file /opt/airflow/dags/updateReviews.py for tasks to queue
[2024-09-19T05:34:08.992+0000] {logging_mixin.py:190} INFO - [2024-09-19T05:34:08.991+0000] {dagbag.py:587} INFO - Filling up the DagBag from /opt/airflow/dags/updateReviews.py
[2024-09-19T05:34:12.936+0000] {logging_mixin.py:190} INFO - {{ task_instance.xcom_pull(task_ids='retrieve_urls', dag_id='update_reviews', key='return_value') }}
[2024-09-19T05:34:12.958+0000] {processor.py:925} INFO - DAG(s) 'update_reviews' retrieved from /opt/airflow/dags/updateReviews.py
[2024-09-19T05:34:13.117+0000] {logging_mixin.py:190} INFO - [2024-09-19T05:34:13.115+0000] {dag.py:3229} INFO - Sync 1 DAGs
[2024-09-19T05:34:13.213+0000] {logging_mixin.py:190} INFO - [2024-09-19T05:34:13.213+0000] {dag.py:4156} INFO - Setting next_dagrun for update_reviews to 2024-09-18 00:00:00+00:00, run_after=2024-09-19 00:00:00+00:00
[2024-09-19T05:34:13.253+0000] {processor.py:208} INFO - Processing /opt/airflow/dags/updateReviews.py took 4.367 seconds
[2024-09-19T05:34:43.797+0000] {processor.py:186} INFO - Started process (PID=221) to work on /opt/airflow/dags/updateReviews.py
[2024-09-19T05:34:43.799+0000] {processor.py:914} INFO - Processing file /opt/airflow/dags/updateReviews.py for tasks to queue
[2024-09-19T05:34:43.805+0000] {logging_mixin.py:190} INFO - [2024-09-19T05:34:43.803+0000] {dagbag.py:587} INFO - Filling up the DagBag from /opt/airflow/dags/updateReviews.py
[2024-09-19T05:34:45.221+0000] {logging_mixin.py:190} INFO - {{ task_instance.xcom_pull(task_ids='retrieve_urls', dag_id='update_reviews', key='return_value') }}
[2024-09-19T05:34:45.244+0000] {processor.py:925} INFO - DAG(s) 'update_reviews' retrieved from /opt/airflow/dags/updateReviews.py
[2024-09-19T05:34:45.366+0000] {logging_mixin.py:190} INFO - [2024-09-19T05:34:45.365+0000] {dag.py:3229} INFO - Sync 1 DAGs
[2024-09-19T05:34:45.470+0000] {logging_mixin.py:190} INFO - [2024-09-19T05:34:45.469+0000] {dag.py:4156} INFO - Setting next_dagrun for update_reviews to 2024-09-18 00:00:00+00:00, run_after=2024-09-19 00:00:00+00:00
[2024-09-19T05:34:45.534+0000] {processor.py:208} INFO - Processing /opt/airflow/dags/updateReviews.py took 1.758 seconds
[2024-09-19T05:35:16.245+0000] {processor.py:186} INFO - Started process (PID=233) to work on /opt/airflow/dags/updateReviews.py
[2024-09-19T05:35:16.250+0000] {processor.py:914} INFO - Processing file /opt/airflow/dags/updateReviews.py for tasks to queue
[2024-09-19T05:35:16.255+0000] {logging_mixin.py:190} INFO - [2024-09-19T05:35:16.253+0000] {dagbag.py:587} INFO - Filling up the DagBag from /opt/airflow/dags/updateReviews.py
[2024-09-19T05:35:24.693+0000] {logging_mixin.py:190} INFO - {{ task_instance.xcom_pull(task_ids='retrieve_urls', dag_id='update_reviews', key='return_value') }}
[2024-09-19T05:35:24.713+0000] {processor.py:925} INFO - DAG(s) 'update_reviews' retrieved from /opt/airflow/dags/updateReviews.py
[2024-09-19T05:35:24.869+0000] {logging_mixin.py:190} INFO - [2024-09-19T05:35:24.868+0000] {dag.py:3229} INFO - Sync 1 DAGs
[2024-09-19T05:35:25.094+0000] {logging_mixin.py:190} INFO - [2024-09-19T05:35:25.093+0000] {dag.py:4156} INFO - Setting next_dagrun for update_reviews to 2024-09-18 00:00:00+00:00, run_after=2024-09-19 00:00:00+00:00
[2024-09-19T05:35:25.274+0000] {processor.py:208} INFO - Processing /opt/airflow/dags/updateReviews.py took 9.057 seconds
[2024-09-19T05:35:55.803+0000] {processor.py:186} INFO - Started process (PID=241) to work on /opt/airflow/dags/updateReviews.py
[2024-09-19T05:35:55.810+0000] {processor.py:914} INFO - Processing file /opt/airflow/dags/updateReviews.py for tasks to queue
[2024-09-19T05:35:55.816+0000] {logging_mixin.py:190} INFO - [2024-09-19T05:35:55.813+0000] {dagbag.py:587} INFO - Filling up the DagBag from /opt/airflow/dags/updateReviews.py
[2024-09-19T05:35:59.441+0000] {logging_mixin.py:190} INFO - {{ task_instance.xcom_pull(task_ids='retrieve_urls', dag_id='update_reviews', key='return_value') }}
[2024-09-19T05:35:59.469+0000] {processor.py:925} INFO - DAG(s) 'update_reviews' retrieved from /opt/airflow/dags/updateReviews.py
[2024-09-19T05:35:59.584+0000] {logging_mixin.py:190} INFO - [2024-09-19T05:35:59.583+0000] {dag.py:3229} INFO - Sync 1 DAGs
[2024-09-19T05:35:59.685+0000] {logging_mixin.py:190} INFO - [2024-09-19T05:35:59.684+0000] {dag.py:4156} INFO - Setting next_dagrun for update_reviews to 2024-09-18 00:00:00+00:00, run_after=2024-09-19 00:00:00+00:00
[2024-09-19T05:35:59.743+0000] {processor.py:208} INFO - Processing /opt/airflow/dags/updateReviews.py took 3.970 seconds
[2024-09-19T05:36:29.980+0000] {processor.py:186} INFO - Started process (PID=248) to work on /opt/airflow/dags/updateReviews.py
[2024-09-19T05:36:29.983+0000] {processor.py:914} INFO - Processing file /opt/airflow/dags/updateReviews.py for tasks to queue
[2024-09-19T05:36:29.986+0000] {logging_mixin.py:190} INFO - [2024-09-19T05:36:29.986+0000] {dagbag.py:587} INFO - Filling up the DagBag from /opt/airflow/dags/updateReviews.py
[2024-09-19T05:36:31.627+0000] {logging_mixin.py:190} INFO - {{ task_instance.xcom_pull(task_ids='retrieve_urls', dag_id='update_reviews', key='return_value') }}
[2024-09-19T05:36:31.647+0000] {processor.py:925} INFO - DAG(s) 'update_reviews' retrieved from /opt/airflow/dags/updateReviews.py
[2024-09-19T05:36:31.727+0000] {logging_mixin.py:190} INFO - [2024-09-19T05:36:31.726+0000] {dag.py:3229} INFO - Sync 1 DAGs
[2024-09-19T05:36:31.789+0000] {logging_mixin.py:190} INFO - [2024-09-19T05:36:31.789+0000] {dag.py:4156} INFO - Setting next_dagrun for update_reviews to 2024-09-18 00:00:00+00:00, run_after=2024-09-19 00:00:00+00:00
[2024-09-19T05:36:31.829+0000] {processor.py:208} INFO - Processing /opt/airflow/dags/updateReviews.py took 1.869 seconds
[2024-09-19T05:37:02.855+0000] {processor.py:186} INFO - Started process (PID=255) to work on /opt/airflow/dags/updateReviews.py
[2024-09-19T05:37:02.857+0000] {processor.py:914} INFO - Processing file /opt/airflow/dags/updateReviews.py for tasks to queue
[2024-09-19T05:37:02.859+0000] {logging_mixin.py:190} INFO - [2024-09-19T05:37:02.859+0000] {dagbag.py:587} INFO - Filling up the DagBag from /opt/airflow/dags/updateReviews.py
[2024-09-19T05:37:04.408+0000] {logging_mixin.py:190} INFO - {{ task_instance.xcom_pull(task_ids='retrieve_urls', dag_id='update_reviews', key='return_value') }}
[2024-09-19T05:37:04.424+0000] {processor.py:925} INFO - DAG(s) 'update_reviews' retrieved from /opt/airflow/dags/updateReviews.py
[2024-09-19T05:37:04.489+0000] {logging_mixin.py:190} INFO - [2024-09-19T05:37:04.488+0000] {dag.py:3229} INFO - Sync 1 DAGs
[2024-09-19T05:37:04.538+0000] {logging_mixin.py:190} INFO - [2024-09-19T05:37:04.538+0000] {dag.py:4156} INFO - Setting next_dagrun for update_reviews to 2024-09-18 00:00:00+00:00, run_after=2024-09-19 00:00:00+00:00
[2024-09-19T05:37:04.576+0000] {processor.py:208} INFO - Processing /opt/airflow/dags/updateReviews.py took 1.734 seconds
[2024-09-19T05:37:34.941+0000] {processor.py:186} INFO - Started process (PID=262) to work on /opt/airflow/dags/updateReviews.py
[2024-09-19T05:37:34.944+0000] {processor.py:914} INFO - Processing file /opt/airflow/dags/updateReviews.py for tasks to queue
[2024-09-19T05:37:34.947+0000] {logging_mixin.py:190} INFO - [2024-09-19T05:37:34.946+0000] {dagbag.py:587} INFO - Filling up the DagBag from /opt/airflow/dags/updateReviews.py
[2024-09-19T05:37:36.467+0000] {logging_mixin.py:190} INFO - {{ task_instance.xcom_pull(task_ids='retrieve_urls', dag_id='update_reviews', key='return_value') }}
[2024-09-19T05:37:36.483+0000] {processor.py:925} INFO - DAG(s) 'update_reviews' retrieved from /opt/airflow/dags/updateReviews.py
[2024-09-19T05:37:36.543+0000] {logging_mixin.py:190} INFO - [2024-09-19T05:37:36.542+0000] {dag.py:3229} INFO - Sync 1 DAGs
[2024-09-19T05:37:36.610+0000] {logging_mixin.py:190} INFO - [2024-09-19T05:37:36.609+0000] {dag.py:4156} INFO - Setting next_dagrun for update_reviews to 2024-09-18 00:00:00+00:00, run_after=2024-09-19 00:00:00+00:00
[2024-09-19T05:37:36.652+0000] {processor.py:208} INFO - Processing /opt/airflow/dags/updateReviews.py took 1.725 seconds
[2024-09-19T05:38:06.727+0000] {processor.py:186} INFO - Started process (PID=269) to work on /opt/airflow/dags/updateReviews.py
[2024-09-19T05:38:06.732+0000] {processor.py:914} INFO - Processing file /opt/airflow/dags/updateReviews.py for tasks to queue
[2024-09-19T05:38:06.734+0000] {logging_mixin.py:190} INFO - [2024-09-19T05:38:06.733+0000] {dagbag.py:587} INFO - Filling up the DagBag from /opt/airflow/dags/updateReviews.py
[2024-09-19T05:38:07.668+0000] {logging_mixin.py:190} INFO - {{ task_instance.xcom_pull(task_ids='retrieve_urls', dag_id='update_reviews', key='return_value') }}
[2024-09-19T05:38:07.677+0000] {processor.py:925} INFO - DAG(s) 'update_reviews' retrieved from /opt/airflow/dags/updateReviews.py
[2024-09-19T05:38:07.726+0000] {logging_mixin.py:190} INFO - [2024-09-19T05:38:07.725+0000] {dag.py:3229} INFO - Sync 1 DAGs
[2024-09-19T05:38:07.778+0000] {logging_mixin.py:190} INFO - [2024-09-19T05:38:07.777+0000] {dag.py:4156} INFO - Setting next_dagrun for update_reviews to 2024-09-18 00:00:00+00:00, run_after=2024-09-19 00:00:00+00:00
[2024-09-19T05:38:07.816+0000] {processor.py:208} INFO - Processing /opt/airflow/dags/updateReviews.py took 1.102 seconds
[2024-09-19T05:38:38.470+0000] {processor.py:186} INFO - Started process (PID=276) to work on /opt/airflow/dags/updateReviews.py
[2024-09-19T05:38:38.472+0000] {processor.py:914} INFO - Processing file /opt/airflow/dags/updateReviews.py for tasks to queue
[2024-09-19T05:38:38.475+0000] {logging_mixin.py:190} INFO - [2024-09-19T05:38:38.474+0000] {dagbag.py:587} INFO - Filling up the DagBag from /opt/airflow/dags/updateReviews.py
[2024-09-19T05:38:40.058+0000] {logging_mixin.py:190} INFO - {{ task_instance.xcom_pull(task_ids='retrieve_urls', dag_id='update_reviews', key='return_value') }}
[2024-09-19T05:38:40.075+0000] {processor.py:925} INFO - DAG(s) 'update_reviews' retrieved from /opt/airflow/dags/updateReviews.py
[2024-09-19T05:38:40.131+0000] {logging_mixin.py:190} INFO - [2024-09-19T05:38:40.130+0000] {dag.py:3229} INFO - Sync 1 DAGs
[2024-09-19T05:38:40.177+0000] {logging_mixin.py:190} INFO - [2024-09-19T05:38:40.177+0000] {dag.py:4156} INFO - Setting next_dagrun for update_reviews to 2024-09-18 00:00:00+00:00, run_after=2024-09-19 00:00:00+00:00
[2024-09-19T05:38:40.209+0000] {processor.py:208} INFO - Processing /opt/airflow/dags/updateReviews.py took 1.761 seconds
[2024-09-19T05:39:10.512+0000] {processor.py:186} INFO - Started process (PID=283) to work on /opt/airflow/dags/updateReviews.py
[2024-09-19T05:39:10.516+0000] {processor.py:914} INFO - Processing file /opt/airflow/dags/updateReviews.py for tasks to queue
[2024-09-19T05:39:10.522+0000] {logging_mixin.py:190} INFO - [2024-09-19T05:39:10.520+0000] {dagbag.py:587} INFO - Filling up the DagBag from /opt/airflow/dags/updateReviews.py
[2024-09-19T05:39:11.937+0000] {logging_mixin.py:190} INFO - {{ task_instance.xcom_pull(task_ids='retrieve_urls', dag_id='update_reviews', key='return_value') }}
[2024-09-19T05:39:11.951+0000] {processor.py:925} INFO - DAG(s) 'update_reviews' retrieved from /opt/airflow/dags/updateReviews.py
[2024-09-19T05:39:12.040+0000] {logging_mixin.py:190} INFO - [2024-09-19T05:39:12.039+0000] {dag.py:3229} INFO - Sync 1 DAGs
[2024-09-19T05:39:12.105+0000] {logging_mixin.py:190} INFO - [2024-09-19T05:39:12.105+0000] {dag.py:4156} INFO - Setting next_dagrun for update_reviews to 2024-09-18 00:00:00+00:00, run_after=2024-09-19 00:00:00+00:00
[2024-09-19T05:39:12.143+0000] {processor.py:208} INFO - Processing /opt/airflow/dags/updateReviews.py took 1.667 seconds
[2024-09-19T05:39:42.940+0000] {processor.py:186} INFO - Started process (PID=290) to work on /opt/airflow/dags/updateReviews.py
[2024-09-19T05:39:42.942+0000] {processor.py:914} INFO - Processing file /opt/airflow/dags/updateReviews.py for tasks to queue
[2024-09-19T05:39:42.947+0000] {logging_mixin.py:190} INFO - [2024-09-19T05:39:42.945+0000] {dagbag.py:587} INFO - Filling up the DagBag from /opt/airflow/dags/updateReviews.py
[2024-09-19T05:39:43.838+0000] {logging_mixin.py:190} INFO - {{ task_instance.xcom_pull(task_ids='retrieve_urls', dag_id='update_reviews', key='return_value') }}
[2024-09-19T05:39:43.848+0000] {processor.py:925} INFO - DAG(s) 'update_reviews' retrieved from /opt/airflow/dags/updateReviews.py
[2024-09-19T05:39:43.902+0000] {logging_mixin.py:190} INFO - [2024-09-19T05:39:43.901+0000] {dag.py:3229} INFO - Sync 1 DAGs
[2024-09-19T05:39:43.956+0000] {logging_mixin.py:190} INFO - [2024-09-19T05:39:43.956+0000] {dag.py:4156} INFO - Setting next_dagrun for update_reviews to 2024-09-18 00:00:00+00:00, run_after=2024-09-19 00:00:00+00:00
[2024-09-19T05:39:43.994+0000] {processor.py:208} INFO - Processing /opt/airflow/dags/updateReviews.py took 1.070 seconds
[2024-09-19T05:40:14.708+0000] {processor.py:186} INFO - Started process (PID=297) to work on /opt/airflow/dags/updateReviews.py
[2024-09-19T05:40:14.711+0000] {processor.py:914} INFO - Processing file /opt/airflow/dags/updateReviews.py for tasks to queue
[2024-09-19T05:40:14.713+0000] {logging_mixin.py:190} INFO - [2024-09-19T05:40:14.713+0000] {dagbag.py:587} INFO - Filling up the DagBag from /opt/airflow/dags/updateReviews.py
[2024-09-19T05:40:15.679+0000] {logging_mixin.py:190} INFO - {{ task_instance.xcom_pull(task_ids='retrieve_urls', dag_id='update_reviews', key='return_value') }}
[2024-09-19T05:40:15.691+0000] {processor.py:925} INFO - DAG(s) 'update_reviews' retrieved from /opt/airflow/dags/updateReviews.py
[2024-09-19T05:40:15.743+0000] {logging_mixin.py:190} INFO - [2024-09-19T05:40:15.742+0000] {dag.py:3229} INFO - Sync 1 DAGs
[2024-09-19T05:40:15.787+0000] {logging_mixin.py:190} INFO - [2024-09-19T05:40:15.787+0000] {dag.py:4156} INFO - Setting next_dagrun for update_reviews to 2024-09-18 00:00:00+00:00, run_after=2024-09-19 00:00:00+00:00
[2024-09-19T05:40:15.821+0000] {processor.py:208} INFO - Processing /opt/airflow/dags/updateReviews.py took 1.126 seconds
[2024-09-19T05:40:46.259+0000] {processor.py:186} INFO - Started process (PID=304) to work on /opt/airflow/dags/updateReviews.py
[2024-09-19T05:40:46.262+0000] {processor.py:914} INFO - Processing file /opt/airflow/dags/updateReviews.py for tasks to queue
[2024-09-19T05:40:46.268+0000] {logging_mixin.py:190} INFO - [2024-09-19T05:40:46.266+0000] {dagbag.py:587} INFO - Filling up the DagBag from /opt/airflow/dags/updateReviews.py
[2024-09-19T05:40:49.588+0000] {logging_mixin.py:190} INFO - {{ task_instance.xcom_pull(task_ids='retrieve_urls', dag_id='update_reviews', key='return_value') }}
[2024-09-19T05:40:49.598+0000] {processor.py:925} INFO - DAG(s) 'update_reviews' retrieved from /opt/airflow/dags/updateReviews.py
[2024-09-19T05:40:49.676+0000] {logging_mixin.py:190} INFO - [2024-09-19T05:40:49.675+0000] {dag.py:3229} INFO - Sync 1 DAGs
[2024-09-19T05:40:50.065+0000] {logging_mixin.py:190} INFO - [2024-09-19T05:40:50.064+0000] {dag.py:4156} INFO - Setting next_dagrun for update_reviews to 2024-09-18 00:00:00+00:00, run_after=2024-09-19 00:00:00+00:00
[2024-09-19T05:40:50.142+0000] {processor.py:208} INFO - Processing /opt/airflow/dags/updateReviews.py took 3.931 seconds
[2024-09-19T05:41:21.261+0000] {processor.py:186} INFO - Started process (PID=316) to work on /opt/airflow/dags/updateReviews.py
[2024-09-19T05:41:21.270+0000] {processor.py:914} INFO - Processing file /opt/airflow/dags/updateReviews.py for tasks to queue
[2024-09-19T05:41:21.278+0000] {logging_mixin.py:190} INFO - [2024-09-19T05:41:21.277+0000] {dagbag.py:587} INFO - Filling up the DagBag from /opt/airflow/dags/updateReviews.py
[2024-09-19T05:41:24.902+0000] {logging_mixin.py:190} INFO - {{ task_instance.xcom_pull(task_ids='retrieve_urls', dag_id='update_reviews', key='return_value') }}
[2024-09-19T05:41:24.928+0000] {processor.py:925} INFO - DAG(s) 'update_reviews' retrieved from /opt/airflow/dags/updateReviews.py
[2024-09-19T05:41:25.052+0000] {logging_mixin.py:190} INFO - [2024-09-19T05:41:25.051+0000] {dag.py:3229} INFO - Sync 1 DAGs
[2024-09-19T05:41:25.148+0000] {logging_mixin.py:190} INFO - [2024-09-19T05:41:25.148+0000] {dag.py:4156} INFO - Setting next_dagrun for update_reviews to 2024-09-18 00:00:00+00:00, run_after=2024-09-19 00:00:00+00:00
[2024-09-19T05:41:25.242+0000] {processor.py:208} INFO - Processing /opt/airflow/dags/updateReviews.py took 4.053 seconds
[2024-09-19T05:41:55.867+0000] {processor.py:186} INFO - Started process (PID=322) to work on /opt/airflow/dags/updateReviews.py
[2024-09-19T05:41:55.869+0000] {processor.py:914} INFO - Processing file /opt/airflow/dags/updateReviews.py for tasks to queue
[2024-09-19T05:41:55.871+0000] {logging_mixin.py:190} INFO - [2024-09-19T05:41:55.870+0000] {dagbag.py:587} INFO - Filling up the DagBag from /opt/airflow/dags/updateReviews.py
[2024-09-19T05:41:57.698+0000] {logging_mixin.py:190} INFO - {{ task_instance.xcom_pull(task_ids='retrieve_urls', dag_id='update_reviews', key='return_value') }}
[2024-09-19T05:41:57.728+0000] {processor.py:925} INFO - DAG(s) 'update_reviews' retrieved from /opt/airflow/dags/updateReviews.py
[2024-09-19T05:41:57.827+0000] {logging_mixin.py:190} INFO - [2024-09-19T05:41:57.825+0000] {dag.py:3229} INFO - Sync 1 DAGs
[2024-09-19T05:41:57.934+0000] {logging_mixin.py:190} INFO - [2024-09-19T05:41:57.934+0000] {dag.py:4156} INFO - Setting next_dagrun for update_reviews to 2024-09-18 00:00:00+00:00, run_after=2024-09-19 00:00:00+00:00
[2024-09-19T05:41:57.995+0000] {processor.py:208} INFO - Processing /opt/airflow/dags/updateReviews.py took 2.141 seconds
[2024-09-19T05:42:28.791+0000] {processor.py:186} INFO - Started process (PID=328) to work on /opt/airflow/dags/updateReviews.py
[2024-09-19T05:42:28.803+0000] {processor.py:914} INFO - Processing file /opt/airflow/dags/updateReviews.py for tasks to queue
[2024-09-19T05:42:28.808+0000] {logging_mixin.py:190} INFO - [2024-09-19T05:42:28.806+0000] {dagbag.py:587} INFO - Filling up the DagBag from /opt/airflow/dags/updateReviews.py
[2024-09-19T05:42:32.140+0000] {logging_mixin.py:190} INFO - {{ task_instance.xcom_pull(task_ids='retrieve_urls', dag_id='update_reviews', key='return_value') }}
[2024-09-19T05:42:32.185+0000] {processor.py:925} INFO - DAG(s) 'update_reviews' retrieved from /opt/airflow/dags/updateReviews.py
[2024-09-19T05:42:32.298+0000] {logging_mixin.py:190} INFO - [2024-09-19T05:42:32.297+0000] {dag.py:3229} INFO - Sync 1 DAGs
[2024-09-19T05:42:32.396+0000] {logging_mixin.py:190} INFO - [2024-09-19T05:42:32.395+0000] {dag.py:4156} INFO - Setting next_dagrun for update_reviews to 2024-09-18 00:00:00+00:00, run_after=2024-09-19 00:00:00+00:00
[2024-09-19T05:42:32.445+0000] {processor.py:208} INFO - Processing /opt/airflow/dags/updateReviews.py took 3.713 seconds
[2024-09-19T05:43:03.459+0000] {processor.py:186} INFO - Started process (PID=335) to work on /opt/airflow/dags/updateReviews.py
[2024-09-19T05:43:03.463+0000] {processor.py:914} INFO - Processing file /opt/airflow/dags/updateReviews.py for tasks to queue
[2024-09-19T05:43:03.471+0000] {logging_mixin.py:190} INFO - [2024-09-19T05:43:03.469+0000] {dagbag.py:587} INFO - Filling up the DagBag from /opt/airflow/dags/updateReviews.py
[2024-09-19T05:43:04.700+0000] {logging_mixin.py:190} INFO - {{ task_instance.xcom_pull(task_ids='retrieve_urls', dag_id='update_reviews', key='return_value') }}
[2024-09-19T05:43:04.714+0000] {processor.py:925} INFO - DAG(s) 'update_reviews' retrieved from /opt/airflow/dags/updateReviews.py
[2024-09-19T05:43:04.775+0000] {logging_mixin.py:190} INFO - [2024-09-19T05:43:04.774+0000] {dag.py:3229} INFO - Sync 1 DAGs
[2024-09-19T05:43:04.835+0000] {logging_mixin.py:190} INFO - [2024-09-19T05:43:04.835+0000] {dag.py:4156} INFO - Setting next_dagrun for update_reviews to 2024-09-18 00:00:00+00:00, run_after=2024-09-19 00:00:00+00:00
[2024-09-19T05:43:04.877+0000] {processor.py:208} INFO - Processing /opt/airflow/dags/updateReviews.py took 1.461 seconds
[2024-09-19T05:43:35.896+0000] {processor.py:186} INFO - Started process (PID=342) to work on /opt/airflow/dags/updateReviews.py
[2024-09-19T05:43:35.901+0000] {processor.py:914} INFO - Processing file /opt/airflow/dags/updateReviews.py for tasks to queue
[2024-09-19T05:43:35.905+0000] {logging_mixin.py:190} INFO - [2024-09-19T05:43:35.904+0000] {dagbag.py:587} INFO - Filling up the DagBag from /opt/airflow/dags/updateReviews.py
[2024-09-19T05:43:37.605+0000] {logging_mixin.py:190} INFO - {{ task_instance.xcom_pull(task_ids='retrieve_urls', dag_id='update_reviews', key='return_value') }}
[2024-09-19T05:43:37.622+0000] {processor.py:925} INFO - DAG(s) 'update_reviews' retrieved from /opt/airflow/dags/updateReviews.py
[2024-09-19T05:43:37.688+0000] {logging_mixin.py:190} INFO - [2024-09-19T05:43:37.687+0000] {dag.py:3229} INFO - Sync 1 DAGs
[2024-09-19T05:43:37.743+0000] {logging_mixin.py:190} INFO - [2024-09-19T05:43:37.743+0000] {dag.py:4156} INFO - Setting next_dagrun for update_reviews to 2024-09-18 00:00:00+00:00, run_after=2024-09-19 00:00:00+00:00
[2024-09-19T05:43:37.782+0000] {processor.py:208} INFO - Processing /opt/airflow/dags/updateReviews.py took 1.902 seconds
[2024-09-19T05:44:08.175+0000] {processor.py:186} INFO - Started process (PID=349) to work on /opt/airflow/dags/updateReviews.py
[2024-09-19T05:44:08.178+0000] {processor.py:914} INFO - Processing file /opt/airflow/dags/updateReviews.py for tasks to queue
[2024-09-19T05:44:08.181+0000] {logging_mixin.py:190} INFO - [2024-09-19T05:44:08.180+0000] {dagbag.py:587} INFO - Filling up the DagBag from /opt/airflow/dags/updateReviews.py
[2024-09-19T05:44:09.721+0000] {logging_mixin.py:190} INFO - {{ task_instance.xcom_pull(task_ids='retrieve_urls', dag_id='update_reviews', key='return_value') }}
[2024-09-19T05:44:09.741+0000] {processor.py:925} INFO - DAG(s) 'update_reviews' retrieved from /opt/airflow/dags/updateReviews.py
[2024-09-19T05:44:09.808+0000] {logging_mixin.py:190} INFO - [2024-09-19T05:44:09.807+0000] {dag.py:3229} INFO - Sync 1 DAGs
[2024-09-19T05:44:09.870+0000] {logging_mixin.py:190} INFO - [2024-09-19T05:44:09.870+0000] {dag.py:4156} INFO - Setting next_dagrun for update_reviews to 2024-09-18 00:00:00+00:00, run_after=2024-09-19 00:00:00+00:00
[2024-09-19T05:44:09.915+0000] {processor.py:208} INFO - Processing /opt/airflow/dags/updateReviews.py took 1.757 seconds
[2024-09-19T05:44:40.415+0000] {processor.py:186} INFO - Started process (PID=356) to work on /opt/airflow/dags/updateReviews.py
[2024-09-19T05:44:40.418+0000] {processor.py:914} INFO - Processing file /opt/airflow/dags/updateReviews.py for tasks to queue
[2024-09-19T05:44:40.427+0000] {logging_mixin.py:190} INFO - [2024-09-19T05:44:40.420+0000] {dagbag.py:587} INFO - Filling up the DagBag from /opt/airflow/dags/updateReviews.py
[2024-09-19T05:44:41.890+0000] {logging_mixin.py:190} INFO - {{ task_instance.xcom_pull(task_ids='retrieve_urls', dag_id='update_reviews', key='return_value') }}
[2024-09-19T05:44:41.915+0000] {processor.py:925} INFO - DAG(s) 'update_reviews' retrieved from /opt/airflow/dags/updateReviews.py
[2024-09-19T05:44:41.988+0000] {logging_mixin.py:190} INFO - [2024-09-19T05:44:41.987+0000] {dag.py:3229} INFO - Sync 1 DAGs
[2024-09-19T05:44:42.038+0000] {logging_mixin.py:190} INFO - [2024-09-19T05:44:42.038+0000] {dag.py:4156} INFO - Setting next_dagrun for update_reviews to 2024-09-18 00:00:00+00:00, run_after=2024-09-19 00:00:00+00:00
[2024-09-19T05:44:42.072+0000] {processor.py:208} INFO - Processing /opt/airflow/dags/updateReviews.py took 1.675 seconds
[2024-09-19T05:45:12.145+0000] {processor.py:186} INFO - Started process (PID=363) to work on /opt/airflow/dags/updateReviews.py
[2024-09-19T05:45:12.147+0000] {processor.py:914} INFO - Processing file /opt/airflow/dags/updateReviews.py for tasks to queue
[2024-09-19T05:45:12.150+0000] {logging_mixin.py:190} INFO - [2024-09-19T05:45:12.149+0000] {dagbag.py:587} INFO - Filling up the DagBag from /opt/airflow/dags/updateReviews.py
[2024-09-19T05:45:13.440+0000] {logging_mixin.py:190} INFO - {{ task_instance.xcom_pull(task_ids='retrieve_urls', dag_id='update_reviews', key='return_value') }}
[2024-09-19T05:45:13.457+0000] {processor.py:925} INFO - DAG(s) 'update_reviews' retrieved from /opt/airflow/dags/updateReviews.py
[2024-09-19T05:45:13.518+0000] {logging_mixin.py:190} INFO - [2024-09-19T05:45:13.518+0000] {dag.py:3229} INFO - Sync 1 DAGs
[2024-09-19T05:45:13.566+0000] {logging_mixin.py:190} INFO - [2024-09-19T05:45:13.566+0000] {dag.py:4156} INFO - Setting next_dagrun for update_reviews to 2024-09-18 00:00:00+00:00, run_after=2024-09-19 00:00:00+00:00
[2024-09-19T05:45:13.596+0000] {processor.py:208} INFO - Processing /opt/airflow/dags/updateReviews.py took 1.466 seconds
[2024-09-19T05:45:44.032+0000] {processor.py:186} INFO - Started process (PID=370) to work on /opt/airflow/dags/updateReviews.py
[2024-09-19T05:45:44.037+0000] {processor.py:914} INFO - Processing file /opt/airflow/dags/updateReviews.py for tasks to queue
[2024-09-19T05:45:44.043+0000] {logging_mixin.py:190} INFO - [2024-09-19T05:45:44.042+0000] {dagbag.py:587} INFO - Filling up the DagBag from /opt/airflow/dags/updateReviews.py
[2024-09-19T05:45:45.524+0000] {logging_mixin.py:190} INFO - {{ task_instance.xcom_pull(task_ids='retrieve_urls', dag_id='update_reviews', key='return_value') }}
[2024-09-19T05:45:45.537+0000] {processor.py:925} INFO - DAG(s) 'update_reviews' retrieved from /opt/airflow/dags/updateReviews.py
[2024-09-19T05:45:45.817+0000] {logging_mixin.py:190} INFO - [2024-09-19T05:45:45.814+0000] {dag.py:3229} INFO - Sync 1 DAGs
[2024-09-19T05:45:45.883+0000] {logging_mixin.py:190} INFO - [2024-09-19T05:45:45.882+0000] {dag.py:4156} INFO - Setting next_dagrun for update_reviews to 2024-09-18 00:00:00+00:00, run_after=2024-09-19 00:00:00+00:00
[2024-09-19T05:45:45.933+0000] {processor.py:208} INFO - Processing /opt/airflow/dags/updateReviews.py took 1.937 seconds
[2024-09-19T05:46:16.426+0000] {processor.py:186} INFO - Started process (PID=377) to work on /opt/airflow/dags/updateReviews.py
[2024-09-19T05:46:16.432+0000] {processor.py:914} INFO - Processing file /opt/airflow/dags/updateReviews.py for tasks to queue
[2024-09-19T05:46:16.437+0000] {logging_mixin.py:190} INFO - [2024-09-19T05:46:16.436+0000] {dagbag.py:587} INFO - Filling up the DagBag from /opt/airflow/dags/updateReviews.py
[2024-09-19T05:46:17.820+0000] {logging_mixin.py:190} INFO - {{ task_instance.xcom_pull(task_ids='retrieve_urls', dag_id='update_reviews', key='return_value') }}
[2024-09-19T05:46:17.829+0000] {processor.py:925} INFO - DAG(s) 'update_reviews' retrieved from /opt/airflow/dags/updateReviews.py
[2024-09-19T05:46:17.894+0000] {logging_mixin.py:190} INFO - [2024-09-19T05:46:17.893+0000] {dag.py:3229} INFO - Sync 1 DAGs
[2024-09-19T05:46:17.962+0000] {logging_mixin.py:190} INFO - [2024-09-19T05:46:17.962+0000] {dag.py:4156} INFO - Setting next_dagrun for update_reviews to 2024-09-18 00:00:00+00:00, run_after=2024-09-19 00:00:00+00:00
[2024-09-19T05:46:18.016+0000] {processor.py:208} INFO - Processing /opt/airflow/dags/updateReviews.py took 1.613 seconds
[2024-09-19T05:46:48.667+0000] {processor.py:186} INFO - Started process (PID=384) to work on /opt/airflow/dags/updateReviews.py
[2024-09-19T05:46:48.670+0000] {processor.py:914} INFO - Processing file /opt/airflow/dags/updateReviews.py for tasks to queue
[2024-09-19T05:46:48.676+0000] {logging_mixin.py:190} INFO - [2024-09-19T05:46:48.674+0000] {dagbag.py:587} INFO - Filling up the DagBag from /opt/airflow/dags/updateReviews.py
[2024-09-19T05:46:49.669+0000] {logging_mixin.py:190} INFO - {{ task_instance.xcom_pull(task_ids='retrieve_urls', dag_id='update_reviews', key='return_value') }}
[2024-09-19T05:46:49.679+0000] {processor.py:925} INFO - DAG(s) 'update_reviews' retrieved from /opt/airflow/dags/updateReviews.py
[2024-09-19T05:46:50.007+0000] {logging_mixin.py:190} INFO - [2024-09-19T05:46:50.005+0000] {dag.py:3229} INFO - Sync 1 DAGs
[2024-09-19T05:46:50.290+0000] {logging_mixin.py:190} INFO - [2024-09-19T05:46:50.289+0000] {dag.py:4156} INFO - Setting next_dagrun for update_reviews to 2024-09-18 00:00:00+00:00, run_after=2024-09-19 00:00:00+00:00
[2024-09-19T05:46:50.365+0000] {processor.py:208} INFO - Processing /opt/airflow/dags/updateReviews.py took 1.716 seconds
[2024-09-19T05:47:21.440+0000] {processor.py:186} INFO - Started process (PID=397) to work on /opt/airflow/dags/updateReviews.py
[2024-09-19T05:47:21.442+0000] {processor.py:914} INFO - Processing file /opt/airflow/dags/updateReviews.py for tasks to queue
[2024-09-19T05:47:21.453+0000] {logging_mixin.py:190} INFO - [2024-09-19T05:47:21.450+0000] {dagbag.py:587} INFO - Filling up the DagBag from /opt/airflow/dags/updateReviews.py
[2024-09-19T05:47:22.514+0000] {logging_mixin.py:190} INFO - {{ task_instance.xcom_pull(task_ids='retrieve_urls', dag_id='update_reviews', key='return_value') }}
[2024-09-19T05:47:22.525+0000] {processor.py:925} INFO - DAG(s) 'update_reviews' retrieved from /opt/airflow/dags/updateReviews.py
[2024-09-19T05:47:22.581+0000] {logging_mixin.py:190} INFO - [2024-09-19T05:47:22.580+0000] {dag.py:3229} INFO - Sync 1 DAGs
[2024-09-19T05:47:22.629+0000] {logging_mixin.py:190} INFO - [2024-09-19T05:47:22.629+0000] {dag.py:4156} INFO - Setting next_dagrun for update_reviews to 2024-09-18 00:00:00+00:00, run_after=2024-09-19 00:00:00+00:00
[2024-09-19T05:47:22.659+0000] {processor.py:208} INFO - Processing /opt/airflow/dags/updateReviews.py took 1.242 seconds
[2024-09-19T05:47:52.989+0000] {processor.py:186} INFO - Started process (PID=404) to work on /opt/airflow/dags/updateReviews.py
[2024-09-19T05:47:52.990+0000] {processor.py:914} INFO - Processing file /opt/airflow/dags/updateReviews.py for tasks to queue
[2024-09-19T05:47:52.992+0000] {logging_mixin.py:190} INFO - [2024-09-19T05:47:52.992+0000] {dagbag.py:587} INFO - Filling up the DagBag from /opt/airflow/dags/updateReviews.py
[2024-09-19T05:47:53.882+0000] {logging_mixin.py:190} INFO - {{ task_instance.xcom_pull(task_ids='retrieve_urls', dag_id='update_reviews', key='return_value') }}
[2024-09-19T05:47:53.890+0000] {processor.py:925} INFO - DAG(s) 'update_reviews' retrieved from /opt/airflow/dags/updateReviews.py
[2024-09-19T05:47:53.938+0000] {logging_mixin.py:190} INFO - [2024-09-19T05:47:53.937+0000] {dag.py:3229} INFO - Sync 1 DAGs
[2024-09-19T05:47:53.978+0000] {logging_mixin.py:190} INFO - [2024-09-19T05:47:53.977+0000] {dag.py:4156} INFO - Setting next_dagrun for update_reviews to 2024-09-18 00:00:00+00:00, run_after=2024-09-19 00:00:00+00:00
[2024-09-19T05:47:54.008+0000] {processor.py:208} INFO - Processing /opt/airflow/dags/updateReviews.py took 1.031 seconds
[2024-09-19T05:48:24.773+0000] {processor.py:186} INFO - Started process (PID=411) to work on /opt/airflow/dags/updateReviews.py
[2024-09-19T05:48:24.775+0000] {processor.py:914} INFO - Processing file /opt/airflow/dags/updateReviews.py for tasks to queue
[2024-09-19T05:48:24.777+0000] {logging_mixin.py:190} INFO - [2024-09-19T05:48:24.777+0000] {dagbag.py:587} INFO - Filling up the DagBag from /opt/airflow/dags/updateReviews.py
[2024-09-19T05:48:25.781+0000] {logging_mixin.py:190} INFO - {{ task_instance.xcom_pull(task_ids='retrieve_urls', dag_id='update_reviews', key='return_value') }}
[2024-09-19T05:48:25.789+0000] {processor.py:925} INFO - DAG(s) 'update_reviews' retrieved from /opt/airflow/dags/updateReviews.py
[2024-09-19T05:48:25.844+0000] {logging_mixin.py:190} INFO - [2024-09-19T05:48:25.843+0000] {dag.py:3229} INFO - Sync 1 DAGs
[2024-09-19T05:48:25.900+0000] {logging_mixin.py:190} INFO - [2024-09-19T05:48:25.900+0000] {dag.py:4156} INFO - Setting next_dagrun for update_reviews to 2024-09-18 00:00:00+00:00, run_after=2024-09-19 00:00:00+00:00
[2024-09-19T05:48:25.944+0000] {processor.py:208} INFO - Processing /opt/airflow/dags/updateReviews.py took 1.184 seconds
[2024-09-19T05:48:56.231+0000] {processor.py:186} INFO - Started process (PID=417) to work on /opt/airflow/dags/updateReviews.py
[2024-09-19T05:48:56.235+0000] {processor.py:914} INFO - Processing file /opt/airflow/dags/updateReviews.py for tasks to queue
[2024-09-19T05:48:56.242+0000] {logging_mixin.py:190} INFO - [2024-09-19T05:48:56.240+0000] {dagbag.py:587} INFO - Filling up the DagBag from /opt/airflow/dags/updateReviews.py
[2024-09-19T05:48:57.132+0000] {logging_mixin.py:190} INFO - {{ task_instance.xcom_pull(task_ids='retrieve_urls', dag_id='update_reviews', key='return_value') }}
[2024-09-19T05:48:57.140+0000] {processor.py:925} INFO - DAG(s) 'update_reviews' retrieved from /opt/airflow/dags/updateReviews.py
[2024-09-19T05:48:57.183+0000] {logging_mixin.py:190} INFO - [2024-09-19T05:48:57.183+0000] {dag.py:3229} INFO - Sync 1 DAGs
[2024-09-19T05:48:57.224+0000] {logging_mixin.py:190} INFO - [2024-09-19T05:48:57.224+0000] {dag.py:4156} INFO - Setting next_dagrun for update_reviews to 2024-09-18 00:00:00+00:00, run_after=2024-09-19 00:00:00+00:00
[2024-09-19T05:48:57.254+0000] {processor.py:208} INFO - Processing /opt/airflow/dags/updateReviews.py took 1.038 seconds
[2024-09-19T05:49:27.601+0000] {processor.py:186} INFO - Started process (PID=424) to work on /opt/airflow/dags/updateReviews.py
[2024-09-19T05:49:27.603+0000] {processor.py:914} INFO - Processing file /opt/airflow/dags/updateReviews.py for tasks to queue
[2024-09-19T05:49:27.606+0000] {logging_mixin.py:190} INFO - [2024-09-19T05:49:27.605+0000] {dagbag.py:587} INFO - Filling up the DagBag from /opt/airflow/dags/updateReviews.py
[2024-09-19T05:49:28.496+0000] {logging_mixin.py:190} INFO - {{ task_instance.xcom_pull(task_ids='retrieve_urls', dag_id='update_reviews', key='return_value') }}
[2024-09-19T05:49:28.505+0000] {processor.py:925} INFO - DAG(s) 'update_reviews' retrieved from /opt/airflow/dags/updateReviews.py
[2024-09-19T05:49:28.558+0000] {logging_mixin.py:190} INFO - [2024-09-19T05:49:28.557+0000] {dag.py:3229} INFO - Sync 1 DAGs
[2024-09-19T05:49:32.610+0000] {logging_mixin.py:190} INFO - [2024-09-19T05:49:32.609+0000] {dag.py:4156} INFO - Setting next_dagrun for update_reviews to 2024-09-18 00:00:00+00:00, run_after=2024-09-19 00:00:00+00:00
[2024-09-19T05:49:32.640+0000] {processor.py:208} INFO - Processing /opt/airflow/dags/updateReviews.py took 5.051 seconds
[2024-09-19T05:50:03.295+0000] {processor.py:186} INFO - Started process (PID=431) to work on /opt/airflow/dags/updateReviews.py
[2024-09-19T05:50:03.302+0000] {processor.py:914} INFO - Processing file /opt/airflow/dags/updateReviews.py for tasks to queue
[2024-09-19T05:50:03.308+0000] {logging_mixin.py:190} INFO - [2024-09-19T05:50:03.307+0000] {dagbag.py:587} INFO - Filling up the DagBag from /opt/airflow/dags/updateReviews.py
[2024-09-19T05:50:04.624+0000] {logging_mixin.py:190} INFO - {{ task_instance.xcom_pull(task_ids='retrieve_urls', dag_id='update_reviews', key='return_value') }}
[2024-09-19T05:50:04.633+0000] {processor.py:925} INFO - DAG(s) 'update_reviews' retrieved from /opt/airflow/dags/updateReviews.py
[2024-09-19T05:50:04.688+0000] {logging_mixin.py:190} INFO - [2024-09-19T05:50:04.687+0000] {dag.py:3229} INFO - Sync 1 DAGs
[2024-09-19T05:50:04.759+0000] {logging_mixin.py:190} INFO - [2024-09-19T05:50:04.759+0000] {dag.py:4156} INFO - Setting next_dagrun for update_reviews to 2024-09-18 00:00:00+00:00, run_after=2024-09-19 00:00:00+00:00
[2024-09-19T05:50:04.794+0000] {processor.py:208} INFO - Processing /opt/airflow/dags/updateReviews.py took 1.563 seconds
[2024-09-19T05:50:35.316+0000] {processor.py:186} INFO - Started process (PID=438) to work on /opt/airflow/dags/updateReviews.py
[2024-09-19T05:50:35.321+0000] {processor.py:914} INFO - Processing file /opt/airflow/dags/updateReviews.py for tasks to queue
[2024-09-19T05:50:35.324+0000] {logging_mixin.py:190} INFO - [2024-09-19T05:50:35.323+0000] {dagbag.py:587} INFO - Filling up the DagBag from /opt/airflow/dags/updateReviews.py
[2024-09-19T05:50:37.162+0000] {logging_mixin.py:190} INFO - {{ task_instance.xcom_pull(task_ids='retrieve_urls', dag_id='update_reviews', key='return_value') }}
[2024-09-19T05:50:37.184+0000] {processor.py:925} INFO - DAG(s) 'update_reviews' retrieved from /opt/airflow/dags/updateReviews.py
[2024-09-19T05:50:37.264+0000] {logging_mixin.py:190} INFO - [2024-09-19T05:50:37.263+0000] {dag.py:3229} INFO - Sync 1 DAGs
[2024-09-19T05:50:37.315+0000] {logging_mixin.py:190} INFO - [2024-09-19T05:50:37.314+0000] {dag.py:4156} INFO - Setting next_dagrun for update_reviews to 2024-09-18 00:00:00+00:00, run_after=2024-09-19 00:00:00+00:00
[2024-09-19T05:50:37.358+0000] {processor.py:208} INFO - Processing /opt/airflow/dags/updateReviews.py took 2.067 seconds
